<?xml version="1.0" encoding="UTF-8"?>
<testsuite xmlns:xsi="http://www.w3.org/2001/XMLSchema-instance" xsi:noNamespaceSchemaLocation="https://maven.apache.org/surefire/maven-surefire-plugin/xsd/surefire-test-report.xsd" version="3.0.2" name="org.example.playwrightTraditional.BookstoreTest" time="80.179" tests="7" errors="0" skipped="0" failures="0">
  <properties>
[...]
</properties>
  <testcase name="testBookstore" classname="org.example.playwrightTraditional.BookstoreTest" time="34.889"/>
  <testcase name="testShoppingCartPage" classname="org.example.playwrightTraditional.BookstoreTest" time="14.311"/>
  <testcase name="testCreateAccountPage" classname="org.example.playwrightTraditional.BookstoreTest" time="6.254"/>
  <testcase name="testContactInformationPage" classname="org.example.playwrightTraditional.BookstoreTest" time="9.87"/>
  <testcase name="testPickupInformation" classname="org.example.playwrightTraditional.BookstoreTest" time="5.624"/>
  <testcase name="testPaymentInformation" classname="org.example.playwrightTraditional.BookstoreTest" time="3.959"/>
  <testcase name="testDeleteFromCart" classname="org.example.playwrightTraditional.BookstoreTest" time="3.968"/>
</testsuite>