-------------------------------------------------------------------------------
Test set: test.java.org.example.playwrightTraditional.BookstoreTest
-------------------------------------------------------------------------------
Tests run: 7, Failures: 4, Errors: 3, Skipped: 0, Time elapsed: 90.58 s <<< FAILURE! -- in test.java.org.example.playwrightTraditional.BookstoreTest
test.java.org.example.playwrightTraditional.BookstoreTest.testBookstore -- Time elapsed: 33.77 s <<< ERROR!
com.microsoft.playwright.TimeoutError: 
Error {
  message='Timeout 30000ms exceeded.
  name='TimeoutError
  stack='TimeoutError: Timeout 30000ms exceeded.
    at ProgressController.run (C:\Users\Avian\AppData\Local\Temp\playwright-java-17059884432671500240\package\lib\server\progress.js:75:26)
    at Frame.click (C:\Users\Avian\AppData\Local\Temp\playwright-java-17059884432671500240\package\lib\server\frames.js:1022:23)
    at FrameDispatcher.click (C:\Users\Avian\AppData\Local\Temp\playwright-java-17059884432671500240\package\lib\server\dispatchers\frameDispatcher.js:158:30)
    at FrameDispatcher._handleCommand (C:\Users\Avian\AppData\Local\Temp\playwright-java-17059884432671500240\package\lib\server\dispatchers\dispatcher.js:94:40)
    at DispatcherConnection.dispatch (C:\Users\Avian\AppData\Local\Temp\playwright-java-17059884432671500240\package\lib\server\dispatchers\dispatcher.js:361:39)
}
Call log:
-   - waiting for locator("input[type='search'], input[name='search'], input[placeholder*='Search'], #search, .search-input, input[aria-label*='Search']").first()

	at com.microsoft.playwright.impl.WaitableResult.get(WaitableResult.java:52)
	at com.microsoft.playwright.impl.ChannelOwner.runUntil(ChannelOwner.java:132)
	at com.microsoft.playwright.impl.Connection.sendMessage(Connection.java:130)
	at com.microsoft.playwright.impl.ChannelOwner.sendMessage(ChannelOwner.java:118)
	at com.microsoft.playwright.impl.FrameImpl.clickImpl(FrameImpl.java:252)
	at com.microsoft.playwright.impl.FrameImpl.lambda$click$8(FrameImpl.java:243)
	at com.microsoft.playwright.impl.LoggingSupport.lambda$withLogging$0(LoggingSupport.java:36)
	at com.microsoft.playwright.impl.LoggingSupport.withLogging(LoggingSupport.java:47)
	at com.microsoft.playwright.impl.ChannelOwner.withLogging(ChannelOwner.java:97)
	at com.microsoft.playwright.impl.LoggingSupport.withLogging(LoggingSupport.java:35)
	at com.microsoft.playwright.impl.FrameImpl.click(FrameImpl.java:243)
	at com.microsoft.playwright.impl.LocatorImpl.click(LocatorImpl.java:175)
	at com.microsoft.playwright.Locator.click(Locator.java:2493)
	at test.java.org.example.playwrightTraditional.BookstoreTest.testBookstore(BookstoreTest.java:63)
	at java.base/java.lang.reflect.Method.invoke(Method.java:580)
	at java.base/java.util.ArrayList.forEach(ArrayList.java:1596)
	at java.base/java.util.ArrayList.forEach(ArrayList.java:1596)
Caused by: com.microsoft.playwright.TimeoutError: Error {
  message='Timeout 30000ms exceeded.
  name='TimeoutError
  stack='TimeoutError: Timeout 30000ms exceeded.
    at ProgressController.run (C:\Users\Avian\AppData\Local\Temp\playwright-java-17059884432671500240\package\lib\server\progress.js:75:26)
    at Frame.click (C:\Users\Avian\AppData\Local\Temp\playwright-java-17059884432671500240\package\lib\server\frames.js:1022:23)
    at FrameDispatcher.click (C:\Users\Avian\AppData\Local\Temp\playwright-java-17059884432671500240\package\lib\server\dispatchers\frameDispatcher.js:158:30)
    at FrameDispatcher._handleCommand (C:\Users\Avian\AppData\Local\Temp\playwright-java-17059884432671500240\package\lib\server\dispatchers\dispatcher.js:94:40)
    at DispatcherConnection.dispatch (C:\Users\Avian\AppData\Local\Temp\playwright-java-17059884432671500240\package\lib\server\dispatchers\dispatcher.js:361:39)
}
Call log:
-   - waiting for locator("input[type='search'], input[name='search'], input[placeholder*='Search'], #search, .search-input, input[aria-label*='Search']").first()

	at com.microsoft.playwright.impl.Connection.dispatch(Connection.java:254)
	at com.microsoft.playwright.impl.Connection.processOneMessage(Connection.java:211)
	at com.microsoft.playwright.impl.ChannelOwner.runUntil(ChannelOwner.java:130)
	... 15 more

test.java.org.example.playwrightTraditional.BookstoreTest.testShoppingCartPage -- Time elapsed: 5.048 s <<< FAILURE!
org.opentest4j.AssertionFailedError: 
Locator expected to contain text: Your Shopping Cart
Received: 
    

			
		
		
			Root
			
				
					
						Skip to content
    
					Skip to content
    
				
				
					
						Skip to navigation menu
    
					Skip to navigation menu
    
				
			
			

    Sign In/Create Account
     to Sign In / Create Account
    
    Sign In/Create Account
    
    My Account
    
    My Account
    
    Open cart menu
    
    Close cart menu
    
    
        



    
        
    





    
        
            
                Supported Browsers: Internet Explorer (IE) is an outdated browser that does not fully support the latest web standards
            
            
                
                    
                
            
        
    


                










    
        
            
            
                Bookstore
            
        
    
    
        
            
            
                Apparel & Spirit Shop
            
        
    

    
        
            
                







    Sign In / Create Account
    
        
    

    
        
            
	
    
		    
			
            	
			

			
				Sign In
			
			
				
						Forgot Your Password?
				
		
	



        
        
            
            
                Don't Have an Account Yet?
            
                
    Create Account
    
            
            
        
    

            
        
    


        coursewareConfirmationFlow is false
        
         
        vstConfirmationFlow is false
        
            
                




    
        DePaul University Loop Campus & SAIC     CHANGE
    

                
                    Current Weather On Campus
                
                
                    44°
                
                
                    
                            Clear Day
                        
            
                
                    

                    





	
	Open cart menu

	

		Cart 0 items
	

	
		
	
	(0)
	





            
        
    

    
        



    
        
    





    
        
            
                Supported Browsers: Internet Explorer (IE) is an outdated browser that does not fully support the latest web standards
            
            
                
                    
                
            
        
    


            
                
                            










    
        
            
            
                Bookstore
            
        
    
    
        
            
            
                Apparel & Spirit Shop
            
        
    

    


                    
                
                    Current Weather On Campus
                
                
                    44°
                
                
                    
                            Clear Day
                        
            
                
                    
                        
                                
                                    
                                
                            
                        
                        
                            
	
    
		    
			
            	
			

			
				Sign In
			
			
				
						Forgot Your Password?
				
		
	



                                Don't Have an Account Yet?
    Create Account
    
                        
                    
                    

                    
                    
                        





	
	Open cart menu

	

		Cart 0 items
	

	
		
	
	(0)
	






                    
            
            
                    










    
        
            
                Bookstore
            
            
        
    
    
        
            
                Spirit Shop
            
            
        
    

    


            
    
    
            
                
                    




    
        DePaul University Loop Campus & SAIC     CHANGE
    

            
        
    
        
            
                
                    
                        

	
				
			
		

                            Welcome to Your Bookstore
                            
                                
                                    
                                
                            
                            
                                
                                    
                                
                            
                        
                        
                    
                
                
                    
                        
                                Welcome
    to Your Bookstore
    
                        

                    
                    
                        

	
		
			Search
				
			
				
					
				
			
			
				
					
				
			

		
	


                
                
            
        
    
    
        
            
        
    
    
        
            
                
            
        
        
        
            
                
                            
                                
                        Course Materials & Textbooks
            
                                
                            
                            
                                    
                                        
			
				
                        Find Course Materials
            
			
	
			
				
                        Textbook Rentals
            
			
	
			
				
                        Sell Back Textbooks
            
			
	
			
				
                        Return My Rentals
            
			
	
			
				
			
	
                                
                            
                    
                            
                                
                        Apparel & Spirit Shop
            
                                
                            
                            
                                    
                                        
			
				
                        Men’s Apparel
            
			
	
			
				
                        Women’s Apparel
            
			
	
			
				
                        Kids' Apparel
            
			
	
			
				
                        T-Shirts
            
			
	
			
				
                        Sweatshirts
            
			
	
			
				
                        Hats
            
			
	
			
				
                        Home & Office
            
			
	
			
				
                        Outdoor & Recreation 
            
			
	
			
				
                        Accessories
            
			
	
                                
                            
                    
                            
                                Supplies & Technology
                                
                            
                            
                                    
                                        
			
				
                        Apple
            
						
					
				
			

					
							
								
											
                        Mac
            
									
											
                        Apple iPad
            
									
											
                        AirPods
            
									
											
                        Charging
            
									
											
                        Keyboards & Mice
            
									
											
                        Apple Accessories
            
									
					

					
			
	
			
				Computers & Electronics
						
					
				
			

					
							
								
											Speakers
									
											Batteries & Battery Packs
									
											Phone Accessories
									
											Laptop Sleeves & Bags
									
											Desktops, Laptops & Tablets
									
											Keyboards & Mice
									
											Drives & Storage Media
									
											Ink & Printer Supplies
									
											Cameras
									
											Computer Accessories
									
											Cables & Surge Protectors
									
											
                        Charging Cables & Adapters
            
									
											
                        Headphones
            
									
											
                        Gaming & Accessories
            
									
					

					
			
	
			
				
                        Software
            
						
					
				
			

					
							
								
											
                        Utilities & Operating System
            
									
											
                        Desktop Publishing
            
									
											
                        Communications
            
									
											
                        Productivity
            
									
											
                        Entertainment
            
									
											
                        Education
            
									
											
                        Windows & Mac
            
									
					

					
			
	
			
				School Supplies
						
					
				
			

					
							
								
											Calculators
									
											Desk Supplies
									
											Notebooks, Binders & Folders
									
											Notepads Paper & Cards
									
											Planners & Calendars
									
											Writing Tools
									
					

					
			
	
			
				
                        School Logo Supplies
            
			
	
			
				
                        Art & Photography
            
						
					
				
			

					
							
								
											
                        Cameras Digital & Film
            
									
											
                        Camera & Lens Accessories
            
									
											
                        Painting & Drawing
            
									
											
                        Surfaces & Canvas
            
									
											
                        Art Instruments & Supplies
            
									
											
                        Sewing Supplies
            
									
					

					
			
	
			
				
                        Medical & Nursing
            
						
					
				
			

					
							
								
											
                        Diagnostic Equipment
            
									
											
                        Medical & Nursing Accessories
            
									
											
                        Medical & Nursing Kits
            
									
					

					
			
	
			
				Science & Laboratory
						
					
				
			

					
							
								
											Lab Materials
									
											Protective Wear
									
											Lab Instruments & Supplies
									
					

					
			
	
			
				
                        Scrubs & Uniforms
            
						
					
				
			

					
							
								
											
                        Medical & Nursewear
            
									
											
                        Polos & Tees
            
									
											
                        Labcoats & Jackets
            
									
					

					
			
	
			
				
                        Vocational
            
						
					
				
			

					
							
								
											
                        Engineering & Technical
            
									
											
                        Musical Instruments & Supplies
            
									
											
                        Goggles & Protective Wear
            
									
					

					
			
	
                                
                            
                    
                            
                                Student Essentials
                                
                            
                            
                                    
                                        
			
				
                        Graduation
            
						
					
				
			

					
							
								
											
                        Recognition Chairs
            
									
					

					
			
	
			
				Diploma Frames
						
					
				
			

					
							
								
											
                        Traditional
            
									
											
                        School Of
            
									
											
                        Contemporary
            
									
											
                        Spirit & Memento
            
									
					

					
			
	
			
				Dorm & Home
						
					
				
			

					
							
								
											Bedding
									
											
                        Bath
            
									
											Organization Solutions
									
											Home Electrics & Appliances
									
											Decorate Your Space
									
											
                        Games & Toys
            
									
											
                        Home Fitness
            
									
					

					
			
	
			
				Health & Personal Care
						
					
				
			

					
							
								
											
                        Cleaning & Disposables
            
									
											
                        Cough, Cold, First Aid
            
									
											
                        Vitamins & Supplements
            
									
											
                        Hair Care
            
									
											
                        Dental Care
            
									
											
                        Skin Care
            
									
											
                        Cosmetics
            
									
					

					
			
	
			
				Books, Music & Games
						
					
				
			

					
							
								
											Fiction
									
											Young Adult Fiction
									
											Non Fiction
									
											
                        Manga & Graphic Novels
            
									
											
                        Literature
            
									
											
                        Science Fiction & Fantasy
            
									
											
                        Romance
            
									
											
                        Poetry
            
									
											
                        Thriller
            
									
											
                        Biography & Autobiography
            
									
											
                        Business & Economics
            
									
											
                        Study Aids
            
									
											
                        Personal Growth
            
									
											
                        Vinyl
            
									
											Toys & Games
									
											
                        Gaming
            
									
					

					
			
	
			
				Bags & Accessories
						
					
				
			

					
							
								
											Backpacks
									
											Totes
									
											Drinkware
									
											Accessories
									
					

					
			
	
			
				Religious Gifts
						
					
				
			

					
							
								
											Jewelry
									
											Rosaries & Rosary Bracelets
									
					

					
			
	
			
				
                        Hydration
            
			
	
			
				
                        Food & Care Packages
            
						
					
				
			

					
							
								
											Pantry Shop
									
											Snack Packs & Gifts
									
					

					
			
	
                                
                            
                    
                            
                                
                        Health & Wellness
            
                                
                            
                            
                                    
                                        
			
				
                        Aromatherapy
            
			
	
			
				
                        Home & Office
            
			
	
			
				
                        Reading
            
			
	
			
				
                        Vitamins & Supplements
            
			
	
			
				
                        Bath Body & Grooming
            
			
	
			
				
                        Fitness & Massage
            
			
	
                                
                            
                    
        
    


    
        
            
                
                    
                        Home
    
                    
                    

                                 
                                          Course Materials & Textbooks
                                          
                                      
                                    
                            
                                    
                                        
						
                        Find Course Materials
            
				
						
                        Textbook Rentals
            
				
						
                        Sell Back Textbooks
            
				
						
                        Return My Rentals
            
				
                                    
                                
                            

                                 
                                          Apparel & Spirit Shop
                                          
                                      
                                    
                            
                                    
                                        
						
                        Men’s Apparel
            
				
						
                        Women’s Apparel
            
				
						
                        Kids' Apparel
            
				
						
                        T-Shirts
            
				
						
                        Sweatshirts
            
				
						
                        Hats
            
				
						
                        Home & Office
            
				
						
                        Outdoor & Recreation 
            
				
						
                        Accessories
            
				
                                    
                                
                            

                                 
                                          Supplies & Technology
                                          
                                      
                                    
                            
                                    
                                        
						
                        Apple
            
								
							
						
				
				
					
					Back
				

				
							
                        Apple
            
					
									
                        Mac
            
							
									
                        Apple iPad
            
							
									
                        AirPods
            
							
									
                        Charging
            
							
									
                        Keyboards & Mice
            
							
									
                        Apple Accessories
            
							
		
						Computers & Electronics
								
							
						
				
				
					
					Back
				

				
							Computers & Electronics
					
									Speakers
							
									Batteries & Battery Packs
							
									Phone Accessories
							
									Laptop Sleeves & Bags
							
									Desktops, Laptops & Tablets
							
									Keyboards & Mice
							
									Drives & Storage Media
							
									Ink & Printer Supplies
							
									Cameras
							
									Computer Accessories
							
									Cables & Surge Protectors
							
									
                        Charging Cables & Adapters
            
							
									
                        Headphones
            
							
									
                        Gaming & Accessories
            
							
		
						
                        Software
            
								
							
						
				
				
					
					Back
				

				
							
                        Software
            
					
									
                        Utilities & Operating System
            
							
									
                        Desktop Publishing
            
							
									
                        Communications
            
							
									
                        Productivity
            
							
									
                        Entertainment
            
							
									
                        Education
            
							
									
                        Windows & Mac
            
							
		
						School Supplies
								
							
						
				
				
					
					Back
				

				
							School Supplies
					
									Calculators
							
									Desk Supplies
							
									Notebooks, Binders & Folders
							
									Notepads Paper & Cards
							
									Planners & Calendars
							
									Writing Tools
							
		
						
                        School Logo Supplies
            
				
						
                        Art & Photography
            
								
							
						
				
				
					
					Back
				

				
							
                        Art & Photography
            
					
									
                        Cameras Digital & Film
            
							
									
                        Camera & Lens Accessories
            
							
									
                        Painting & Drawing
            
							
									
                        Surfaces & Canvas
            
							
									
                        Art Instruments & Supplies
            
							
									
                        Sewing Supplies
            
							
		
						
                        Medical & Nursing
            
								
							
						
				
				
					
					Back
				

				
							
                        Medical & Nursing
            
					
									
                        Diagnostic Equipment
            
							
									
                        Medical & Nursing Accessories
            
							
									
                        Medical & Nursing Kits
            
							
		
						Science & Laboratory
								
							
						
				
				
					
					Back
				

				
							Science & Laboratory
					
									Lab Materials
							
									Protective Wear
							
									Lab Instruments & Supplies
							
		
						
                        Scrubs & Uniforms
            
								
							
						
				
				
					
					Back
				

				
							
                        Scrubs & Uniforms
            
					
									
                        Medical & Nursewear
            
							
									
                        Polos & Tees
            
							
									
                        Labcoats & Jackets
            
							
		
						
                        Vocational
            
								
							
						
				
				
					
					Back
				

				
							
                        Vocational
            
					
									
                        Engineering & Technical
            
							
									
                        Musical Instruments & Supplies
            
							
									
                        Goggles & Protective Wear
            
							
		
                                    
                                
                            

                                 
                                          Student Essentials
                                          
                                      
                                    
                            
                                    
                                        
						
                        Graduation
            
								
							
						
				
				
					
					Back
				

				
							
                        Graduation
            
					
									
                        Recognition Chairs
            
							
		
						Diploma Frames
								
							
						
				
				
					
					Back
				

				
							Diploma Frames
					
									
                        Traditional
            
							
									
                        School Of
            
							
									
                        Contemporary
            
							
									
                        Spirit & Memento
            
							
		
						Dorm & Home
								
							
						
				
				
					
					Back
				

				
							Dorm & Home
					
									Bedding
							
									
                        Bath
            
							
									Organization Solutions
							
									Home Electrics & Appliances
							
									Decorate Your Space
							
									
                        Games & Toys
            
							
									
                        Home Fitness
            
							
		
						Health & Personal Care
								
							
						
				
				
					
					Back
				

				
							Health & Personal Care
					
									
                        Cleaning & Disposables
            
							
									
                        Cough, Cold, First Aid
            
							
									
                        Vitamins & Supplements
            
							
									
                        Hair Care
            
							
									
                        Dental Care
            
							
									
                        Skin Care
            
							
									
                        Cosmetics
            
							
		
						Books, Music & Games
								
							
						
				
				
					
					Back
				

				
							Books, Music & Games
					
									Fiction
							
									Young Adult Fiction
							
									Non Fiction
							
									
                        Manga & Graphic Novels
            
							
									
                        Literature
            
							
									
                        Science Fiction & Fantasy
            
							
									
                        Romance
            
							
									
                        Poetry
            
							
									
                        Thriller
            
							
									
                        Biography & Autobiography
            
							
									
                        Business & Economics
            
							
									
                        Study Aids
            
							
									
                        Personal Growth
            
							
									
                        Vinyl
            
							
									Toys & Games
							
									
                        Gaming
            
							
		
						Bags & Accessories
								
							
						
				
				
					
					Back
				

				
							Bags & Accessories
					
									Backpacks
							
									Totes
							
									Drinkware
							
									Accessories
							
		
						Religious Gifts
								
							
						
				
				
					
					Back
				

				
							Religious Gifts
					
									Jewelry
							
									Rosaries & Rosary Bracelets
							
		
						
                        Hydration
            
				
						
                        Food & Care Packages
            
								
							
						
				
				
					
					Back
				

				
							
                        Food & Care Packages
            
					
									Pantry Shop
							
									Snack Packs & Gifts
							
		
                                    
                                
                            

                                 
                                          Health & Wellness
                                          
                                      
                                    
                            
                                    
                                        
						
                        Aromatherapy
            
				
						
                        Home & Office
            
				
						
                        Reading
            
				
						
                        Vitamins & Supplements
            
				
						
                        Bath Body & Grooming
            
				
						
                        Fitness & Massage
            
				
                                    
                                
                            
            
        
    


    

    
       
           You are shopping DePaul University Loop Campus & SAIC
       

        
            Or select another store:
        
            
                    
				
                Preferred Campus
                                    
                            
						
            
        
            Please choose from list
                DePaul University Loop Campus & SAICDePaul University Lincoln Park Campus Please choose from list
    
		
            
                Save Store
        








			
				





  

        
                
        
            
                
                    
                        Up to 50% Off Clearance Items
                                        
                
                
                    
                        
                    
                
            
        
    

        


        


        

                





        
            
                    
                    
                    
                    
                    
                
                    
                        25% off Supplies
                        
                                Shop Supplies
                        
                
            
    
        
            
                    
                    
                    
                    
                    
                
                    
                        Apparel & Spirit Shop
                        
                                
                        Shop Apparel
            
                        
                
            
    
        
            
                    
                    
                    
                    
                    
                
                    
                        Technology
                        
                                Shop Technology
                        
                
            
    
        
            
                    
                    
                    
                    
                    
                
                    
                        Limited Time Only
                        
                                Shop Now
                        
                
            
    
        
            
                    
                    
                    
                    
                    
                
                    
                        Limited Time Only
                        
                                Shop Diploma Frames
                        
                
            
    
        
            
                    
                    
                    
                    
                    
                
                    
                        25% off Supplies
                        
                                Shop Supplies
                        
                
            
    
        
            
                    
                    
                    
                    
                    
                
                    
                        Apparel & Spirit Shop
                        
                                
                        Shop Apparel
            
                        
                
            
    
        
            
                    
                    
                    
                    
                    
                
                    
                        Technology
                        
                                Shop Technology
                        
                
            
    
        
            
                    
                    
                    
                    
                    
                
                    
                        Limited Time Only
                        
                                Shop Now
                        
                
            
    
        
            
                    
                    
                    
                    
                    
                
                    
                        Limited Time Only
                        
                                Shop Diploma Frames
                        
                
            
    
        
            
                    
                    
                    
                    
                    
                
                    
                        25% off Supplies
                        
                                Shop Supplies
                        
                
            
    Pause Carousel
        
        Disable Carousel Autoplay



        
                
                    
                        
                            
                                        Course Materials
    
                                        Your DePaul Spring 2026 Course Materials
                                                
                                            
                        
                            
                                        
        
            



    
    
        
    Course Materials
    
        
        
    
    
        
        
            
                
            
            
        
        
            
                
            
            
        
        
        
    

    
Course Materials Concierge
            For a customized list of course materials, use our course materials finder.
        
        




	 
	 	
        	SEARCH NOW
    	
	 
    
    



                                    
                    
                
            
        




                
                    Shop Now and Save Up to 50% Off
                    
                        
                                            
                                                
                                                NOTEBOOKS
                                            
                                        
                                    
                                            
                                                
                                                WRITING
                                            
                                        
                                    
                                            
                                                
                                                CALCULATORS
                                            
                                        
                                    
                                            
                                                
                                                BINDERS & FOLDERS
                                            
                                        
                                    
                
            
        

                
                    
                        
                                            
                                                
                                                COMPUTERS & HARDWARE
                                            
                                        
                                    
                                            
                                                
                                                SOFTWARE
                                            
                                        
                                    
                                            
                                                
                                                HEADPHONES & SPEAKERS
                                            
                                        
                                    
                                            
                                                
                                                GAMING
                                            
                                        
                                    
                
            
        

                

                    
                        

                  
                    
                        
                            
                            
                                
                                DIPLOMA FRAMES
                            
                        
                    
                                                        
                                                            
                                                            LAPTOPS
                                                        
                                                    
                                                
                    
                
            
        

                

                    
                        

                  
                    
                        
                            
                                                        
                                                            
                                                            CAMPUS TO CAREER
                                                        
                                                    
                                                
                            
                                
                                WELLNESS
                            
                        
                    
                    
                
            
        

                
                    
                            
                                    
                                        DORM FAVORITES
                                    
                                
                            
                                
                                    
                                    
                                
                                
                        
                    
                        
    
    
            
                            
                                
                                BEDDING
                                
                        
                    
                            
                                
                                ORGANIZATION
                                
                        
                    
                            
                                
                                DECOR
                                
                        
                    
                            
                                
                                BATH
                                
                        
                    
                
            
        

                
                    
                            
                                    
                                        LAST CHANCE
                                    
                                
                            
                                
                                    
                                    
                                
                                
                        
                    
                        
    
    
            
                            
                                
                                TECH ACCESSORIES
                                
                        
                    
                            
                                
                                AUDIO
                                
                        
                    
                            
                                
                                WRITING SUPPLIES
                                
                        
                    
                            
                                
                                NOTEBOOK DEALS
                                
                        
                    
                
            
        


                

                    
                        

                  
                    
                        
                            
                                                        
                                                            
                                                            FOOD, SNACKS, & CARE PACKAGES
                                                        
                                                    
                                                
                                                        
                                                            
                                                            HEALTH & BEAUTY CARE
                                                        
                                                    
                                                
                    
                
            
        

    
        
            
                
                    
                                Campus to Career
                    
                            
	
		

                    
                                Designed with your ambition in mind, Campus to Career supports your move from classroom to career. Stepping into your future starts with the right tools. Bridge the move between college life and career with practical tools and accessories
                    
                            Shop Professional Essentials
                    
            

            
                        
	
		

                
    



    
        
            
                    
	
		

                
                
                    
                                Grads
                    
                            
	
		

                    
                                Order Your Cap, Gown, and Everything You Need to Celebrate Your Achievement
                    
                            SHOP REGALIA
                    
            

            
    



    
        
            
                    
	
		

                
                
                    
                                What to Read Next
                    
                            
	
		

                    
                                This selection of new releases and old favorites will help you discover the book you’ll want to read next. Whether you’re looking for essential information or something fun to read on vacation, we’ve got a book for you.
                    
                            SHOP BOOKS
                    
            

            
    



    
        
            
                
                    
                                Bundle Up in School Spirit
                    
                            
	
		

                    
                                Rep your colors all winter long
                    
                            
                        Shop Spirit Gear
            
                    
            

            
                        
	
		

                
    






                
                    
                        
                            
                                
                                
                            
                        
                    
                                            
                                                
                                                
                                            
                                        
                                    
                                            
                                                
                                                
                                            
                                        
                                    
                    
            
        
	

                    
                        BACK TO TOP


				
			

			
    footer
    
        
            
                
        
                    DePaul University Loop Campus Official Bookstore
                
            

                
                    
                        Join the Mailing List
                    
                        
                            Sign Up
                            


                    
    THANK YOU! 
    CLICK HERE
    to Get 10% Off Your Next Purchase. 

            
        

        
            
                
                    
                        
                            
                                Customer Care
                        

                        
                            

                                
        
            DePaul University Loop Campus & SAIC
        
        
                1 E. Jackson Boulevard
                Chicago, IL 60604
                
        

                                
                                    
Visit Customer Care





    Questions?
    
    
        
            
                
            
        
         Chat
    
    

                            
                            
                                
        
               Store hours
    
                   
            
                
                        Mon:
                                8AM
                             - 10PM *
                            
                    
                        Tue:
                                8AM
                             - 10PM *
                            
                    
                        Wed:
                                8AM
                             - 10PM *
                            
                    
                        Thu:
                                8AM
                             - 10PM *
                            
                    
                        Fri:
                                8AM
                             - 6PM *
                            
                    
                        Sat:
                                10AM
                             - 6PM *
                            
                    
                        Sun:
                                Closed
                             
                     *The Cafe closes at 7pm Monday thru Thursday.
                
        
                            
                            
                                
Visit Customer Care





    Questions?
    
    
        
            
                
            
        
         Chat
    
    

                        
                    
                
            

            
                
                    
                        Email Signup for Your Bookstore Updates
                    
                        
                            Sign Up
                            


                    
    THANK YOU! 
    CLICK HERE
    to Get 10% Off Your Next Purchase. 

                
                    
                            
                                
                                    

                                        
                                                        QUICKLINKS
                                            
                                    

                                        
                                                
                                                        

                        Spirit Shop Help
            
Work for Us
                                                
                                                        

                                                
                                        
                                
                            
                        
                    
            
        
        
            
                
                    
                        
                            
                                
                                
                                
                                
                                
                                
                                
                                
                                
                                
                                
                                
                                
                                
                                
                                
                                
                                    
                                
                            
                        
                    
                    
                        
       
                        
                        Copyright
            
                    
                
                        
                        Privacy Policy
            
                    
                
                        
                        Accessibility
            
                    
                
                        
                        Terms of Use
            
                    
                
                        CA Privacy Policy
                    
                
                        Returns and Refunds
                    
                
                        
                        Do Not Sell or Share My Personal Information
            
                    
                
                        
                        Manage My Data
            
                    
                

                    
        
            
    
                
                
                
                
            
        
    






	
		
	
	

	
	



		
	




PreviousNextSlideShow









        
        





Call log:
  - Locator.expect with timeout 5000ms
  - waiting for locator("body")
    8 × locator resolved to <body class="page-cmsitem-00056000 pageType-ContentPage template-pages-layout-landingLayout2Page pageLabel-ac-homepage smartedit-page-uid-cmsitem_00056000 smartedit-page-uuid-eyJpdGVtSWQiOiJjbXNpdGVtXzAwMDU2MDAwIiwiY2F0YWxvZ0lkIjoiYWNhZGVtaWNDb250ZW50Q2F0YWxvZyIsImNhdGFsb2dWZXJzaW9uIjoiT25saW5lIn0= smartedit-catalog-version-uuid-academicContentCatalog/Online  language-en">…</body>
      - unexpected value "
    

			
		
		
			Root
			
				
					
						Skip to content
    
					Skip to content
    
				
				
					
						Skip to navigation menu
    
					Skip to navigation menu
    
				
			
			

    Sign In/Create Account
     to Sign In / Create Account
    
    Sign In/Create Account
    
    My Account
    
    My Account
    
    Open cart menu
    
    Close cart menu
    
    
        



    
        
    





    
        
            
                Supported Browsers: Internet Explorer (IE) is an outdated browser that does not fully support the latest web standards
            
            
                
                    
                
            
        
    


                










    
        
            
            
                Bookstore
            
        
    
    
        
            
            
                Apparel & Spirit Shop
            
        
    

    
        
            
                







    Sign In / Create Account
    
        
    

    
        
            
	
    
		    
			
            	
			

			
				Sign In
			
			
				
						Forgot Your Password?
				
		
	



        
        
            
            
                Don't Have an Account Yet?
            
                
    Create Account
    
            
            
        
    

            
        
    


        coursewareConfirmationFlow is false
        
         
        vstConfirmationFlow is false
        
            
                




    
        DePaul University Loop Campus & SAIC     CHANGE
    

                
                    Current Weather On Campus
                
                
                    44°
                
                
                    
                            Clear Day
                        
            
                
                    

                    





	
	Open cart menu

	

		Cart 0 items
	

	
		
	
	(0)
	





            
        
    

    
        



    
        
    





    
        
            
                Supported Browsers: Internet Explorer (IE) is an outdated browser that does not fully support the latest web standards
            
            
                
                    
                
            
        
    


            
                
                            










    
        
            
            
                Bookstore
            
        
    
    
        
            
            
                Apparel & Spirit Shop
            
        
    

    


                    
                
                    Current Weather On Campus
                
                
                    44°
                
                
                    
                            Clear Day
                        
            
                
                    
                        
                                
                                    
                                
                            
                        
                        
                            
	
    
		    
			
            	
			

			
				Sign In
			
			
				
						Forgot Your Password?
				
		
	



                                Don't Have an Account Yet?
    Create Account
    
                        
                    
                    

                    
                    
                        





	
	Open cart menu

	

		Cart 0 items
	

	
		
	
	(0)
	






                    
            
            
                    










    
        
            
                Bookstore
            
            
        
    
    
        
            
                Spirit Shop
            
            
        
    

    


            
    
    
            
                
                    




    
        DePaul University Loop Campus & SAIC     CHANGE
    

            
        
    
        
            
                
                    
                        

	
				
			
		

                            Welcome to Your Bookstore
                            
                                
                                    
                                
                            
                            
                                
                                    
                                
                            
                        
                        
                    
                
                
                    
                        
                                Welcome
    to Your Bookstore
    
                        

                    
                    
                        

	
		
			Search
				
			
				
					
				
			
			
				
					
				
			

		
	


                
                
            
        
    
    
        
            
        
    
    
        
            
                
            
        
        
        
            
                
                            
                                
                        Course Materials & Textbooks
            
                                
                            
                            
                                    
                                        
			
				
                        Find Course Materials
            
			
	
			
				
                        Textbook Rentals
            
			
	
			
				
                        Sell Back Textbooks
            
			
	
			
				
                        Return My Rentals
            
			
	
			
				
			
	
                                
                            
                    
                            
                                
                        Apparel & Spirit Shop
            
                                
                            
                            
                                    
                                        
			
				
                        Men’s Apparel
            
			
	
			
				
                        Women’s Apparel
            
			
	
			
				
                        Kids' Apparel
            
			
	
			
				
                        T-Shirts
            
			
	
			
				
                        Sweatshirts
            
			
	
			
				
                        Hats
            
			
	
			
				
                        Home & Office
            
			
	
			
				
                        Outdoor & Recreation 
            
			
	
			
				
                        Accessories
            
			
	
                                
                            
                    
                            
                                Supplies & Technology
                                
                            
                            
                                    
                                        
			
				
                        Apple
            
						
					
				
			

					
							
								
											
                        Mac
            
									
											
                        Apple iPad
            
									
											
                        AirPods
            
									
											
                        Charging
            
									
											
                        Keyboards & Mice
            
									
											
                        Apple Accessories
            
									
					

					
			
	
			
				Computers & Electronics
						
					
				
			

					
							
								
											Speakers
									
											Batteries & Battery Packs
									
											Phone Accessories
									
											Laptop Sleeves & Bags
									
											Desktops, Laptops & Tablets
									
											Keyboards & Mice
									
											Drives & Storage Media
									
											Ink & Printer Supplies
									
											Cameras
									
											Computer Accessories
									
											Cables & Surge Protectors
									
											
                        Charging Cables & Adapters
            
									
											
                        Headphones
            
									
											
                        Gaming & Accessories
            
									
					

					
			
	
			
				
                        Software
            
						
					
				
			

					
							
								
											
                        Utilities & Operating System
            
									
											
                        Desktop Publishing
            
									
											
                        Communications
            
									
											
                        Productivity
            
									
											
                        Entertainment
            
									
											
                        Education
            
									
											
                        Windows & Mac
            
									
					

					
			
	
			
				School Supplies
						
					
				
			

					
							
								
											Calculators
									
											Desk Supplies
									
											Notebooks, Binders & Folders
									
											Notepads Paper & Cards
									
											Planners & Calendars
									
											Writing Tools
									
					

					
			
	
			
				
                        School Logo Supplies
            
			
	
			
				
                        Art & Photography
            
						
					
				
			

					
							
								
											
                        Cameras Digital & Film
            
									
											
                        Camera & Lens Accessories
            
									
											
                        Painting & Drawing
            
									
											
                        Surfaces & Canvas
            
									
											
                        Art Instruments & Supplies
            
									
											
                        Sewing Supplies
            
									
					

					
			
	
			
				
                        Medical & Nursing
            
						
					
				
			

					
							
								
											
                        Diagnostic Equipment
            
									
											
                        Medical & Nursing Accessories
            
									
											
                        Medical & Nursing Kits
            
									
					

					
			
	
			
				Science & Laboratory
						
					
				
			

					
							
								
											Lab Materials
									
											Protective Wear
									
											Lab Instruments & Supplies
									
					

					
			
	
			
				
                        Scrubs & Uniforms
            
						
					
				
			

					
							
								
											
                        Medical & Nursewear
            
									
											
                        Polos & Tees
            
									
											
                        Labcoats & Jackets
            
									
					

					
			
	
			
				
                        Vocational
            
						
					
				
			

					
							
								
											
                        Engineering & Technical
            
									
											
                        Musical Instruments & Supplies
            
									
											
                        Goggles & Protective Wear
            
									
					

					
			
	
                                
                            
                    
                            
                                Student Essentials
                                
                            
                            
                                    
                                        
			
				
                        Graduation
            
						
					
				
			

					
							
								
											
                        Recognition Chairs
            
									
					

					
			
	
			
				Diploma Frames
						
					
				
			

					
							
								
											
                        Traditional
            
									
											
                        School Of
            
									
											
                        Contemporary
            
									
											
                        Spirit & Memento
            
									
					

					
			
	
			
				Dorm & Home
						
					
				
			

					
							
								
											Bedding
									
											
                        Bath
            
									
											Organization Solutions
									
											Home Electrics & Appliances
									
											Decorate Your Space
									
											
                        Games & Toys
            
									
											
                        Home Fitness
            
									
					

					
			
	
			
				Health & Personal Care
						
					
				
			

					
							
								
											
                        Cleaning & Disposables
            
									
											
                        Cough, Cold, First Aid
            
									
											
                        Vitamins & Supplements
            
									
											
                        Hair Care
            
									
											
                        Dental Care
            
									
											
                        Skin Care
            
									
											
                        Cosmetics
            
									
					

					
			
	
			
				Books, Music & Games
						
					
				
			

					
							
								
											Fiction
									
											Young Adult Fiction
									
											Non Fiction
									
											
                        Manga & Graphic Novels
            
									
											
                        Literature
            
									
											
                        Science Fiction & Fantasy
            
									
											
                        Romance
            
									
											
                        Poetry
            
									
											
                        Thriller
            
									
											
                        Biography & Autobiography
            
									
											
                        Business & Economics
            
									
											
                        Study Aids
            
									
											
                        Personal Growth
            
									
											
                        Vinyl
            
									
											Toys & Games
									
											
                        Gaming
            
									
					

					
			
	
			
				Bags & Accessories
						
					
				
			

					
							
								
											Backpacks
									
											Totes
									
											Drinkware
									
											Accessories
									
					

					
			
	
			
				Religious Gifts
						
					
				
			

					
							
								
											Jewelry
									
											Rosaries & Rosary Bracelets
									
					

					
			
	
			
				
                        Hydration
            
			
	
			
				
                        Food & Care Packages
            
						
					
				
			

					
							
								
											Pantry Shop
									
											Snack Packs & Gifts
									
					

					
			
	
                                
                            
                    
                            
                                
                        Health & Wellness
            
                                
                            
                            
                                    
                                        
			
				
                        Aromatherapy
            
			
	
			
				
                        Home & Office
            
			
	
			
				
                        Reading
            
			
	
			
				
                        Vitamins & Supplements
            
			
	
			
				
                        Bath Body & Grooming
            
			
	
			
				
                        Fitness & Massage
            
			
	
                                
                            
                    
        
    


    
        
            
                
                    
                        Home
    
                    
                    

                                 
                                          Course Materials & Textbooks
                                          
                                      
                                    
                            
                                    
                                        
						
                        Find Course Materials
            
				
						
                        Textbook Rentals
            
				
						
                        Sell Back Textbooks
            
				
						
                        Return My Rentals
            
				
                                    
                                
                            

                                 
                                          Apparel & Spirit Shop
                                          
                                      
                                    
                            
                                    
                                        
						
                        Men’s Apparel
            
				
						
                        Women’s Apparel
            
				
						
                        Kids' Apparel
            
				
						
                        T-Shirts
            
				
						
                        Sweatshirts
            
				
						
                        Hats
            
				
						
                        Home & Office
            
				
						
                        Outdoor & Recreation 
            
				
						
                        Accessories
            
				
                                    
                                
                            

                                 
                                          Supplies & Technology
                                          
                                      
                                    
                            
                                    
                                        
						
                        Apple
            
								
							
						
				
				
					
					Back
				

				
							
                        Apple
            
					
									
                        Mac
            
							
									
                        Apple iPad
            
							
									
                        AirPods
            
							
									
                        Charging
            
							
									
                        Keyboards & Mice
            
							
									
                        Apple Accessories
            
							
		
						Computers & Electronics
								
							
						
				
				
					
					Back
				

				
							Computers & Electronics
					
									Speakers
							
									Batteries & Battery Packs
							
									Phone Accessories
							
									Laptop Sleeves & Bags
							
									Desktops, Laptops & Tablets
							
									Keyboards & Mice
							
									Drives & Storage Media
							
									Ink & Printer Supplies
							
									Cameras
							
									Computer Accessories
							
									Cables & Surge Protectors
							
									
                        Charging Cables & Adapters
            
							
									
                        Headphones
            
							
									
                        Gaming & Accessories
            
							
		
						
                        Software
            
								
							
						
				
				
					
					Back
				

				
							
                        Software
            
					
									
                        Utilities & Operating System
            
							
									
                        Desktop Publishing
            
							
									
                        Communications
            
							
									
                        Productivity
            
							
									
                        Entertainment
            
							
									
                        Education
            
							
									
                        Windows & Mac
            
							
		
						School Supplies
								
							
						
				
				
					
					Back
				

				
							School Supplies
					
									Calculators
							
									Desk Supplies
							
									Notebooks, Binders & Folders
							
									Notepads Paper & Cards
							
									Planners & Calendars
							
									Writing Tools
							
		
						
                        School Logo Supplies
            
				
						
                        Art & Photography
            
								
							
						
				
				
					
					Back
				

				
							
                        Art & Photography
            
					
									
                        Cameras Digital & Film
            
							
									
                        Camera & Lens Accessories
            
							
									
                        Painting & Drawing
            
							
									
                        Surfaces & Canvas
            
							
									
                        Art Instruments & Supplies
            
							
									
                        Sewing Supplies
            
							
		
						
                        Medical & Nursing
            
								
							
						
				
				
					
					Back
				

				
							
                        Medical & Nursing
            
					
									
                        Diagnostic Equipment
            
							
									
                        Medical & Nursing Accessories
            
							
									
                        Medical & Nursing Kits
            
							
		
						Science & Laboratory
								
							
						
				
				
					
					Back
				

				
							Science & Laboratory
					
									Lab Materials
							
									Protective Wear
							
									Lab Instruments & Supplies
							
		
						
                        Scrubs & Uniforms
            
								
							
						
				
				
					
					Back
				

				
							
                        Scrubs & Uniforms
            
					
									
                        Medical & Nursewear
            
							
									
                        Polos & Tees
            
							
									
                        Labcoats & Jackets
            
							
		
						
                        Vocational
            
								
							
						
				
				
					
					Back
				

				
							
                        Vocational
            
					
									
                        Engineering & Technical
            
							
									
                        Musical Instruments & Supplies
            
							
									
                        Goggles & Protective Wear
            
							
		
                                    
                                
                            

                                 
                                          Student Essentials
                                          
                                      
                                    
                            
                                    
                                        
						
                        Graduation
            
								
							
						
				
				
					
					Back
				

				
							
                        Graduation
            
					
									
                        Recognition Chairs
            
							
		
						Diploma Frames
								
							
						
				
				
					
					Back
				

				
							Diploma Frames
					
									
                        Traditional
            
							
									
                        School Of
            
							
									
                        Contemporary
            
							
									
                        Spirit & Memento
            
							
		
						Dorm & Home
								
							
						
				
				
					
					Back
				

				
							Dorm & Home
					
									Bedding
							
									
                        Bath
            
							
									Organization Solutions
							
									Home Electrics & Appliances
							
									Decorate Your Space
							
									
                        Games & Toys
            
							
									
                        Home Fitness
            
							
		
						Health & Personal Care
								
							
						
				
				
					
					Back
				

				
							Health & Personal Care
					
									
                        Cleaning & Disposables
            
							
									
                        Cough, Cold, First Aid
            
							
									
                        Vitamins & Supplements
            
							
									
                        Hair Care
            
							
									
                        Dental Care
            
							
									
                        Skin Care
            
							
									
                        Cosmetics
            
							
		
						Books, Music & Games
								
							
						
				
				
					
					Back
				

				
							Books, Music & Games
					
									Fiction
							
									Young Adult Fiction
							
									Non Fiction
							
									
                        Manga & Graphic Novels
            
							
									
                        Literature
            
							
									
                        Science Fiction & Fantasy
            
							
									
                        Romance
            
							
									
                        Poetry
            
							
									
[...]
            
        

                

                    
                        

                  
                    
                        
                            
                                                        
                                                            
                                                            CAMPUS TO CAREER
                                                        
                                                    
                                                
                            
                                
                                WELLNESS
                            
                        
                    
                    
                
            
        

                
                    
                            
                                    
                                        DORM FAVORITES
                                    
                                
                            
                                
                                    
                                    
                                
                                
                        
                    
                        
    
    
            
                            
                                
                                BEDDING
                                
                        
                    
                            
                                
                                ORGANIZATION
                                
                        
                    
                            
                                
                                DECOR
                                
                        
                    
                            
                                
                                BATH
                                
                        
                    
                
            
        

                
                    
                            
                                    
                                        LAST CHANCE
                                    
                                
                            
                                
                                    
                                    
                                
                                
                        
                    
                        
    
    
            
                            
                                
                                TECH ACCESSORIES
                                
                        
                    
                            
                                
                                AUDIO
                                
                        
                    
                            
                                
                                WRITING SUPPLIES
                                
                        
                    
                            
                                
                                NOTEBOOK DEALS
                                
                        
                    
                
            
        


                

                    
                        

                  
                    
                        
                            
                                                        
                                                            
                                                            FOOD, SNACKS, & CARE PACKAGES
                                                        
                                                    
                                                
                                                        
                                                            
                                                            HEALTH & BEAUTY CARE
                                                        
                                                    
                                                
                    
                
            
        

    
        
            
                
                    
                                Campus to Career
                    
                            
	
		

                    
                                Designed with your ambition in mind, Campus to Career supports your move from classroom to career. Stepping into your future starts with the right tools. Bridge the move between college life and career with practical tools and accessories
                    
                            Shop Professional Essentials
                    
            

            
                        
	
		

                
    



    
        
            
                    
	
		

                
                
                    
                                Grads
                    
                            
	
		

                    
                                Order Your Cap, Gown, and Everything You Need to Celebrate Your Achievement
                    
                            SHOP REGALIA
                    
            

            
    



    
        
            
                    
	
		

                
                
                    
                                What to Read Next
                    
                            
	
		

                    
                                This selection of new releases and old favorites will help you discover the book you’ll want to read next. Whether you’re looking for essential information or something fun to read on vacation, we’ve got a book for you.
                    
                            SHOP BOOKS
                    
            

            
    



    
        
            
                
                    
                                Bundle Up in School Spirit
                    
                            
	
		

                    
                                Rep your colors all winter long
                    
                            
                        Shop Spirit Gear
            
                    
            

            
                        
	
		

                
    






                
                    
                        
                            
                                
                                
                            
                        
                    
                                            
                                                
                                                
                                            
                                        
                                    
                                            
                                                
                                                
                                            
                                        
                                    
                    
            
        
	

                    
                        BACK TO TOP


				
			

			
    footer
    
        
            
                
        
                    DePaul University Loop Campus Official Bookstore
                
            

                
                    
                        Join the Mailing List
                    
                        
                            Sign Up
                            


                    
    THANK YOU! 
    CLICK HERE
    to Get 10% Off Your Next Purchase. 

            
        

        
            
                
                    
                        
                            
                                Customer Care
                        

                        
                            

                                
        
            DePaul University Loop Campus & SAIC
        
        
                1 E. Jackson Boulevard
                Chicago, IL 60604
                
        

                                
                                    
Visit Customer Care





    Questions?
    
    
        
            
                
            
        
         Chat
    
    

                            
                            
                                
        
               Store hours
    
                   
            
                
                        Mon:
                                8AM
                             - 10PM *
                            
                    
                        Tue:
                                8AM
                             - 10PM *
                            
                    
                        Wed:
                                8AM
                             - 10PM *
                            
                    
                        Thu:
                                8AM
                             - 10PM *
                            
                    
                        Fri:
                                8AM
                             - 6PM *
                            
                    
                        Sat:
                                10AM
                             - 6PM *
                            
                    
                        Sun:
                                Closed
                             
                     *The Cafe closes at 7pm Monday thru Thursday.
                
        
                            
                            
                                
Visit Customer Care





    Questions?
    
    
        
            
                
            
        
         Chat
    
    

                        
                    
                
            

            
                
                    
                        Email Signup for Your Bookstore Updates
                    
                        
                            Sign Up
                            


                    
    THANK YOU! 
    CLICK HERE
    to Get 10% Off Your Next Purchase. 

                
                    
                            
                                
                                    

                                        
                                                        QUICKLINKS
                                            
                                    

                                        
                                                
                                                        

                        Spirit Shop Help
            
Work for Us
                                                
                                                        

                                                
                                        
                                
                            
                        
                    
            
        
        
            
                
                    
                        
                            
                                
                                
                                
                                
                                
                                
                                
                                
                                
                                
                                
                                
                                
                                
                                
                                
                                
                                    
                                
                            
                        
                    
                    
                        
       
                        
                        Copyright
            
                    
                
                        
                        Privacy Policy
            
                    
                
                        
                        Accessibility
            
                    
                
                        
                        Terms of Use
            
                    
                
                        CA Privacy Policy
                    
                
                        Returns and Refunds
                    
                
                        
                        Do Not Sell or Share My Personal Information
            
                    
                
                        
                        Manage My Data
            
                    
                

                    
        
            
    
                
                
                
                
            
        
    






	
		
	
	

	
	



		
	




PreviousNextSlideShow









        
        



"
	at com.microsoft.playwright.impl.AssertionsBase.expectImpl(AssertionsBase.java:74)
	at com.microsoft.playwright.impl.AssertionsBase.expectImpl(AssertionsBase.java:51)
	at com.microsoft.playwright.impl.AssertionsBase.expectImpl(AssertionsBase.java:42)
	at com.microsoft.playwright.impl.LocatorAssertionsImpl.containsText(LocatorAssertionsImpl.java:47)
	at com.microsoft.playwright.assertions.LocatorAssertions.containsText(LocatorAssertions.java:853)
	at test.java.org.example.playwrightTraditional.BookstoreTest.testPaymentInformation(BookstoreTest.java:270)
	at java.base/java.lang.reflect.Method.invoke(Method.java:580)
	at java.base/java.util.ArrayList.forEach(ArrayList.java:1596)
	at java.base/java.util.ArrayList.forEach(ArrayList.java:1596)

test.java.org.example.playwrightTraditional.BookstoreTest.testDeleteFromCart -- Time elapsed: 0.507 s <<< ERROR!
com.microsoft.playwright.PlaywrightException: 
Error {
  message='Unexpected token "=" while parsing selector "button:has-text('Remove'), a:has-text('Remove'), button:has-text('Delete'), [aria-label*='emove'], [aria-label*='elete'], text=Remove"
  name='Error
  stack='Error: Unexpected token "=" while parsing selector "button:has-text('Remove'), a:has-text('Remove'), button:has-text('Delete'), [aria-label*='emove'], [aria-label*='elete'], text=Remove"
    at unexpected (C:\Users\Avian\AppData\Local\Temp\playwright-java-17059884432671500240\package\lib\utils\isomorphic\cssParser.js:68:12)
    at consumeSimpleSelector (C:\Users\Avian\AppData\Local\Temp\playwright-java-17059884432671500240\package\lib\utils\isomorphic\cssParser.js:208:15)
    at consumeComplexSelector (C:\Users\Avian\AppData\Local\Temp\playwright-java-17059884432671500240\package\lib\utils\isomorphic\cssParser.js:140:19)
    at consumeArgument (C:\Users\Avian\AppData\Local\Temp\playwright-java-17059884432671500240\package\lib\utils\isomorphic\cssParser.js:120:12)
    at consumeFunctionArguments (C:\Users\Avian\AppData\Local\Temp\playwright-java-17059884432671500240\package\lib\utils\isomorphic\cssParser.js:112:19)
    at parseCSS (C:\Users\Avian\AppData\Local\Temp\playwright-java-17059884432671500240\package\lib\utils\isomorphic\cssParser.js:228:18)
    at parseSelector (C:\Users\Avian\AppData\Local\Temp\playwright-java-17059884432671500240\package\lib\utils\isomorphic\selectorParser.js:50:49)
    at splitSelectorByFrame (C:\Users\Avian\AppData\Local\Temp\playwright-java-17059884432671500240\package\lib\utils\isomorphic\selectorParser.js:99:20)
    at FrameSelectors.resolveFrameForSelector (C:\Users\Avian\AppData\Local\Temp\playwright-java-17059884432671500240\package\lib\server\frameSelectors.js:110:66)
    at FrameSelectors.resolveInjectedForSelector (C:\Users\Avian\AppData\Local\Temp\playwright-java-17059884432671500240\package\lib\server\frameSelectors.js:152:33)
}
Call log:
-   - waiting for button:has-text('Remove'), a:has-text('Remove'), button:has-text('Delete'), [aria-label*='emove'], [aria-label*='elete'], text=Remove >> nth=0

	at com.microsoft.playwright.impl.WaitableResult.get(WaitableResult.java:56)
	at com.microsoft.playwright.impl.ChannelOwner.runUntil(ChannelOwner.java:132)
	at com.microsoft.playwright.impl.Connection.sendMessage(Connection.java:130)
	at com.microsoft.playwright.impl.ChannelOwner.sendMessage(ChannelOwner.java:118)
	at com.microsoft.playwright.impl.FrameImpl.clickImpl(FrameImpl.java:252)
	at com.microsoft.playwright.impl.FrameImpl.lambda$click$8(FrameImpl.java:243)
	at com.microsoft.playwright.impl.LoggingSupport.lambda$withLogging$0(LoggingSupport.java:36)
	at com.microsoft.playwright.impl.LoggingSupport.withLogging(LoggingSupport.java:47)
	at com.microsoft.playwright.impl.ChannelOwner.withLogging(ChannelOwner.java:97)
	at com.microsoft.playwright.impl.LoggingSupport.withLogging(LoggingSupport.java:35)
	at com.microsoft.playwright.impl.FrameImpl.click(FrameImpl.java:243)
	at com.microsoft.playwright.impl.LocatorImpl.click(LocatorImpl.java:175)
	at com.microsoft.playwright.Locator.click(Locator.java:2493)
	at test.java.org.example.playwrightTraditional.BookstoreTest.testDeleteFromCart(BookstoreTest.java:297)
	at java.base/java.lang.reflect.Method.invoke(Method.java:580)
	at java.base/java.util.ArrayList.forEach(ArrayList.java:1596)
	at java.base/java.util.ArrayList.forEach(ArrayList.java:1596)
Caused by: com.microsoft.playwright.impl.DriverException: Error {
  message='Unexpected token "=" while parsing selector "button:has-text('Remove'), a:has-text('Remove'), button:has-text('Delete'), [aria-label*='emove'], [aria-label*='elete'], text=Remove"
  name='Error
  stack='Error: Unexpected token "=" while parsing selector "button:has-text('Remove'), a:has-text('Remove'), button:has-text('Delete'), [aria-label*='emove'], [aria-label*='elete'], text=Remove"
    at unexpected (C:\Users\Avian\AppData\Local\Temp\playwright-java-17059884432671500240\package\lib\utils\isomorphic\cssParser.js:68:12)
    at consumeSimpleSelector (C:\Users\Avian\AppData\Local\Temp\playwright-java-17059884432671500240\package\lib\utils\isomorphic\cssParser.js:208:15)
    at consumeComplexSelector (C:\Users\Avian\AppData\Local\Temp\playwright-java-17059884432671500240\package\lib\utils\isomorphic\cssParser.js:140:19)
    at consumeArgument (C:\Users\Avian\AppData\Local\Temp\playwright-java-17059884432671500240\package\lib\utils\isomorphic\cssParser.js:120:12)
    at consumeFunctionArguments (C:\Users\Avian\AppData\Local\Temp\playwright-java-17059884432671500240\package\lib\utils\isomorphic\cssParser.js:112:19)
    at parseCSS (C:\Users\Avian\AppData\Local\Temp\playwright-java-17059884432671500240\package\lib\utils\isomorphic\cssParser.js:228:18)
    at parseSelector (C:\Users\Avian\AppData\Local\Temp\playwright-java-17059884432671500240\package\lib\utils\isomorphic\selectorParser.js:50:49)
    at splitSelectorByFrame (C:\Users\Avian\AppData\Local\Temp\playwright-java-17059884432671500240\package\lib\utils\isomorphic\selectorParser.js:99:20)
    at FrameSelectors.resolveFrameForSelector (C:\Users\Avian\AppData\Local\Temp\playwright-java-17059884432671500240\package\lib\server\frameSelectors.js:110:66)
    at FrameSelectors.resolveInjectedForSelector (C:\Users\Avian\AppData\Local\Temp\playwright-java-17059884432671500240\package\lib\server\frameSelectors.js:152:33)
}
Call log:
-   - waiting for button:has-text('Remove'), a:has-text('Remove'), button:has-text('Delete'), [aria-label*='emove'], [aria-label*='elete'], text=Remove >> nth=0

	at com.microsoft.playwright.impl.Connection.dispatch(Connection.java:259)
	at com.microsoft.playwright.impl.Connection.processOneMessage(Connection.java:211)
	at com.microsoft.playwright.impl.ChannelOwner.runUntil(ChannelOwner.java:130)
	... 15 more

