<?xml version="1.0" encoding="UTF-8"?>
<testsuite xmlns:xsi="http://www.w3.org/2001/XMLSchema-instance" xsi:noNamespaceSchemaLocation="https://maven.apache.org/surefire/maven-surefire-plugin/xsd/surefire-test-report.xsd" version="3.0.2" name="test.java.org.example.playwrightTraditional.BookstoreTest" time="90.58" tests="7" errors="3" skipped="0" failures="4">
  <properties>
[...]
</properties>
  <testcase name="testBookstore" classname="test.java.org.example.playwrightTraditional.BookstoreTest" time="33.772">
    <error message="Error {&#10;  message=&apos;Timeout 30000ms exceeded.&#10;  name=&apos;TimeoutError&#10;  stack=&apos;TimeoutError: Timeout 30000ms exceeded.&#10;    at ProgressController.run (C:\Users\Avian\AppData\Local\Temp\playwright-java-17059884432671500240\package\lib\server\progress.js:75:26)&#10;    at Frame.click (C:\Users\Avian\AppData\Local\Temp\playwright-java-17059884432671500240\package\lib\server\frames.js:1022:23)&#10;    at FrameDispatcher.click (C:\Users\Avian\AppData\Local\Temp\playwright-java-17059884432671500240\package\lib\server\dispatchers\frameDispatcher.js:158:30)&#10;    at FrameDispatcher._handleCommand (C:\Users\Avian\AppData\Local\Temp\playwright-java-17059884432671500240\package\lib\server\dispatchers\dispatcher.js:94:40)&#10;    at DispatcherConnection.dispatch (C:\Users\Avian\AppData\Local\Temp\playwright-java-17059884432671500240\package\lib\server\dispatchers\dispatcher.js:361:39)&#10;}&#10;Call log:&#10;-   - waiting for locator(&quot;input[type=&apos;search&apos;], input[name=&apos;search&apos;], input[placeholder*=&apos;Search&apos;], #search, .search-input, input[aria-label*=&apos;Search&apos;]&quot;).first()&#10;" type="com.microsoft.playwright.TimeoutError"><![CDATA[com.microsoft.playwright.TimeoutError: 
Error {
  message='Timeout 30000ms exceeded.
  name='TimeoutError
  stack='TimeoutError: Timeout 30000ms exceeded.
    at ProgressController.run (C:\Users\Avian\AppData\Local\Temp\playwright-java-17059884432671500240\package\lib\server\progress.js:75:26)
    at Frame.click (C:\Users\Avian\AppData\Local\Temp\playwright-java-17059884432671500240\package\lib\server\frames.js:1022:23)
    at FrameDispatcher.click (C:\Users\Avian\AppData\Local\Temp\playwright-java-17059884432671500240\package\lib\server\dispatchers\frameDispatcher.js:158:30)
    at FrameDispatcher._handleCommand (C:\Users\Avian\AppData\Local\Temp\playwright-java-17059884432671500240\package\lib\server\dispatchers\dispatcher.js:94:40)
    at DispatcherConnection.dispatch (C:\Users\Avian\AppData\Local\Temp\playwright-java-17059884432671500240\package\lib\server\dispatchers\dispatcher.js:361:39)
}
Call log:
-   - waiting for locator("input[type='search'], input[name='search'], input[placeholder*='Search'], #search, .search-input, input[aria-label*='Search']").first()

	at com.microsoft.playwright.impl.WaitableResult.get(WaitableResult.java:52)
	at com.microsoft.playwright.impl.ChannelOwner.runUntil(ChannelOwner.java:132)
	at com.microsoft.playwright.impl.Connection.sendMessage(Connection.java:130)
	at com.microsoft.playwright.impl.ChannelOwner.sendMessage(ChannelOwner.java:118)
	at com.microsoft.playwright.impl.FrameImpl.clickImpl(FrameImpl.java:252)
	at com.microsoft.playwright.impl.FrameImpl.lambda$click$8(FrameImpl.java:243)
	at com.microsoft.playwright.impl.LoggingSupport.lambda$withLogging$0(LoggingSupport.java:36)
	at com.microsoft.playwright.impl.LoggingSupport.withLogging(LoggingSupport.java:47)
	at com.microsoft.playwright.impl.ChannelOwner.withLogging(ChannelOwner.java:97)
	at com.microsoft.playwright.impl.LoggingSupport.withLogging(LoggingSupport.java:35)
	at com.microsoft.playwright.impl.FrameImpl.click(FrameImpl.java:243)
	at com.microsoft.playwright.impl.LocatorImpl.click(LocatorImpl.java:175)
	at com.microsoft.playwright.Locator.click(Locator.java:2493)
	at test.java.org.example.playwrightTraditional.BookstoreTest.testBookstore(BookstoreTest.java:63)
	at java.base/java.lang.reflect.Method.invoke(Method.java:580)
	at java.base/java.util.ArrayList.forEach(ArrayList.java:1596)
	at java.base/java.util.ArrayList.forEach(ArrayList.java:1596)
Caused by: com.microsoft.playwright.TimeoutError: Error {
  message='Timeout 30000ms exceeded.
  name='TimeoutError
  stack='TimeoutError: Timeout 30000ms exceeded.
    at ProgressController.run (C:\Users\Avian\AppData\Local\Temp\playwright-java-17059884432671500240\package\lib\server\progress.js:75:26)
    at Frame.click (C:\Users\Avian\AppData\Local\Temp\playwright-java-17059884432671500240\package\lib\server\frames.js:1022:23)
    at FrameDispatcher.click (C:\Users\Avian\AppData\Local\Temp\playwright-java-17059884432671500240\package\lib\server\dispatchers\frameDispatcher.js:158:30)
    at FrameDispatcher._handleCommand (C:\Users\Avian\AppData\Local\Temp\playwright-java-17059884432671500240\package\lib\server\dispatchers\dispatcher.js:94:40)
    at DispatcherConnection.dispatch (C:\Users\Avian\AppData\Local\Temp\playwright-java-17059884432671500240\package\lib\server\dispatchers\dispatcher.js:361:39)
}
Call log:
-   - waiting for locator("input[type='search'], input[name='search'], input[placeholder*='Search'], #search, .search-input, input[aria-label*='Search']").first()

	at com.microsoft.playwright.impl.Connection.dispatch(Connection.java:254)
	at com.microsoft.playwright.impl.Connection.processOneMessage(Connection.java:211)
	at com.microsoft.playwright.impl.ChannelOwner.runUntil(ChannelOwner.java:130)
	... 15 more
]]></error>
  </testcase>
  <testcase name="testShoppingCartPage" classname="test.java.org.example.playwrightTraditional.BookstoreTest" time="5.048">
    <failure message="Locator expected to contain text: Your Shopping Cart&#10;Received: &#10;    &#10;&#10;			&#10;		&#10;		&#10;			Root&#10;			&#10;				&#10;					&#10;						Skip to content&#10;    &#10;					Skip to content&#10;    &#10;				&#10;				&#10;					&#10;						Skip to navigation menu&#10;    &#10;					Skip to navigation menu&#10;    &#10;				&#10;			&#10;			&#10;&#10;    Sign In/Create Account&#10;     to Sign In / Create Account&#10;    &#10;    Sign In/Create Account&#10;    &#10;    My Account&#10;    &#10;    My Account&#10;    &#10;    Open cart menu&#10;    &#10;    Close cart menu&#10;    &#10;    &#10;        &#10;&#10;&#10;&#10;    &#10;        &#10;    &#10;&#10;&#10;&#10;&#10;&#10;    &#10;        &#10;            &#10;                Supported Browsers: Internet Explorer (IE) is an outdated browser that does not fully support the latest web standards&#10;            &#10;            &#10;                &#10;                    &#10;                &#10;            &#10;        &#10;    &#10;&#10;&#10;                &#10;&#10;&#10;&#10;&#10;&#10;&#10;&#10;&#10;&#10;&#10;    &#10;        &#10;            &#10;            &#10;                Bookstore&#10;            &#10;        &#10;    &#10;    &#10;        &#10;            &#10;            &#10;                Apparel &amp; Spirit Shop&#10;            &#10;        &#10;    &#10;&#10;    &#10;        &#10;            &#10;                &#10;&#10;&#10;&#10;&#10;&#10;&#10;&#10;    Sign In / Create Account&#10;    &#10;        &#10;    &#10;&#10;    &#10;        &#10;            &#10;	&#10;    &#10;		    &#10;			&#10;            	&#10;			&#10;&#10;			&#10;				Sign In&#10;			&#10;			&#10;				&#10;						Forgot Your Password?&#10;				&#10;		&#10;	&#10;&#10;&#10;&#10;        &#10;        &#10;            &#10;            &#10;                Don&apos;t Have an Account Yet?&#10;            &#10;                &#10;    Create Account&#10;    &#10;            &#10;            &#10;        &#10;    &#10;&#10;            &#10;        &#10;    &#10;&#10;&#10;        coursewareConfirmationFlow is false&#10;        &#10;         &#10;        vstConfirmationFlow is false&#10;        &#10;            &#10;                &#10;&#10;&#10;&#10;&#10;    &#10;        DePaul University Loop Campus &amp; SAIC     CHANGE&#10;    &#10;&#10;                &#10;                    Current Weather On Campus&#10;                &#10;                &#10;                    44°&#10;                &#10;                &#10;                    &#10;                            Clear Day&#10;                        &#10;            &#10;                &#10;                    &#10;&#10;                    &#10;&#10;&#10;&#10;&#10;&#10;	&#10;	Open cart menu&#10;&#10;	&#10;&#10;		Cart 0 items&#10;	&#10;&#10;	&#10;		&#10;	&#10;	(0)&#10;	&#10;&#10;&#10;&#10;&#10;&#10;            &#10;        &#10;    &#10;&#10;    &#10;        &#10;&#10;&#10;&#10;    &#10;        &#10;    &#10;&#10;&#10;&#10;&#10;&#10;    &#10;        &#10;            &#10;                Supported Browsers: Internet Explorer (IE) is an outdated browser that does not fully support the latest web standards&#10;            &#10;            &#10;                &#10;                    &#10;                &#10;            &#10;        &#10;    &#10;&#10;&#10;            &#10;                &#10;                            &#10;&#10;&#10;&#10;&#10;&#10;&#10;&#10;&#10;&#10;&#10;    &#10;        &#10;            &#10;            &#10;                Bookstore&#10;            &#10;        &#10;    &#10;    &#10;        &#10;            &#10;            &#10;                Apparel &amp; Spirit Shop&#10;            &#10;        &#10;    &#10;&#10;    &#10;&#10;&#10;                    &#10;                &#10;                    Current Weather On Campus&#10;                &#10;                &#10;                    44°&#10;                &#10;                &#10;                    &#10;                            Clear Day&#10;                        &#10;            &#10;                &#10;                    &#10;                        &#10;                                &#10;                                    &#10;                                &#10;                            &#10;                        &#10;                        &#10;                            &#10;	&#10;    &#10;		    &#10;			&#10;            	&#10;			&#10;&#10;			&#10;				Sign In&#10;			&#10;			&#10;				&#10;						Forgot Your Password?&#10;				&#10;		&#10;	&#10;&#10;&#10;&#10;                                Don&apos;t Have an Account Yet?&#10;    Create Account&#10;    &#10;                        &#10;                    &#10;                    &#10;&#10;                    &#10;                    &#10;                        &#10;&#10;&#10;&#10;&#10;&#10;	&#10;	Open cart menu&#10;&#10;	&#10;&#10;		Cart 0 items&#10;	&#10;&#10;	&#10;		&#10;	&#10;	(0)&#10;	&#10;&#10;&#10;&#10;&#10;&#10;&#10;                    &#10;            &#10;            &#10;                    &#10;&#10;&#10;&#10;&#10;&#10;&#10;&#10;&#10;&#10;&#10;    &#10;        &#10;            &#10;                Bookstore&#10;            &#10;            &#10;        &#10;    &#10;    &#10;        &#10;            &#10;                Spirit Shop&#10;            &#10;            &#10;        &#10;    &#10;&#10;    &#10;&#10;&#10;            &#10;    &#10;    &#10;            &#10;                &#10;                    &#10;&#10;&#10;&#10;&#10;    &#10;        DePaul University Loop Campus &amp; SAIC     CHANGE&#10;    &#10;&#10;            &#10;        &#10;    &#10;        &#10;            &#10;                &#10;                    &#10;                        &#10;&#10;	&#10;				&#10;			&#10;		&#10;&#10;                            Welcome to Your Bookstore&#10;                            &#10;                                &#10;                                    &#10;                                &#10;                            &#10;                            &#10;                                &#10;                                    &#10;                                &#10;                            &#10;                        &#10;                        &#10;                    &#10;                &#10;                &#10;                    &#10;                        &#10;                                Welcome&#10;    to Your Bookstore&#10;    &#10;                        &#10;&#10;                    &#10;                    &#10;                        &#10;&#10;	&#10;		&#10;			Search&#10;				&#10;			&#10;				&#10;					&#10;				&#10;			&#10;			&#10;				&#10;					&#10;				&#10;			&#10;&#10;		&#10;	&#10;&#10;&#10;                &#10;                &#10;            &#10;        &#10;    &#10;    &#10;        &#10;            &#10;        &#10;    &#10;    &#10;        &#10;            &#10;                &#10;            &#10;        &#10;        &#10;        &#10;            &#10;                &#10;                            &#10;                                &#10;                        Course Materials &amp; Textbooks&#10;            &#10;                                &#10;                            &#10;                            &#10;                                    &#10;                                        &#10;			&#10;				&#10;                        Find Course Materials&#10;            &#10;			&#10;	&#10;			&#10;				&#10;                        Textbook Rentals&#10;            &#10;			&#10;	&#10;			&#10;				&#10;                        Sell Back Textbooks&#10;            &#10;			&#10;	&#10;			&#10;				&#10;                        Return My Rentals&#10;            &#10;			&#10;	&#10;			&#10;				&#10;			&#10;	&#10;                                &#10;                            &#10;                    &#10;                            &#10;                                &#10;                        Apparel &amp; Spirit Shop&#10;            &#10;                                &#10;                            &#10;                            &#10;                                    &#10;                                        &#10;			&#10;				&#10;                        Men’s Apparel&#10;            &#10;			&#10;	&#10;			&#10;				&#10;                        Women’s Apparel&#10;            &#10;			&#10;	&#10;			&#10;				&#10;                        Kids&apos; Apparel&#10;            &#10;			&#10;	&#10;			&#10;				&#10;                        T-Shirts&#10;            &#10;			&#10;	&#10;			&#10;				&#10;                        Sweatshirts&#10;            &#10;			&#10;	&#10;			&#10;				&#10;                        Hats&#10;            &#10;			&#10;	&#10;			&#10;				&#10;                        Home &amp; Office&#10;            &#10;			&#10;	&#10;			&#10;				&#10;                        Outdoor &amp; Recreation &#10;            &#10;			&#10;	&#10;			&#10;				&#10;                        Accessories&#10;            &#10;			&#10;	&#10;                                &#10;                            &#10;                    &#10;                            &#10;                                Supplies &amp; Technology&#10;                                &#10;                            &#10;                            &#10;                                    &#10;                                        &#10;			&#10;				&#10;                        Apple&#10;            &#10;						&#10;					&#10;				&#10;			&#10;&#10;					&#10;							&#10;								&#10;											&#10;                        Mac&#10;            &#10;									&#10;											&#10;                        Apple iPad&#10;            &#10;									&#10;											&#10;                        AirPods&#10;            &#10;									&#10;											&#10;                        Charging&#10;            &#10;									&#10;											&#10;                        Keyboards &amp; Mice&#10;            &#10;									&#10;											&#10;                        Apple Accessories&#10;            &#10;									&#10;					&#10;&#10;					&#10;			&#10;	&#10;			&#10;				Computers &amp; Electronics&#10;						&#10;					&#10;				&#10;			&#10;&#10;					&#10;							&#10;								&#10;											Speakers&#10;									&#10;											Batteries &amp; Battery Packs&#10;									&#10;											Phone Accessories&#10;									&#10;											Laptop Sleeves &amp; Bags&#10;									&#10;											Desktops, Laptops &amp; Tablets&#10;									&#10;											Keyboards &amp; Mice&#10;									&#10;											Drives &amp; Storage Media&#10;									&#10;											Ink &amp; Printer Supplies&#10;									&#10;											Cameras&#10;									&#10;											Computer Accessories&#10;									&#10;											Cables &amp; Surge Protectors&#10;									&#10;											&#10;                        Charging Cables &amp; Adapters&#10;            &#10;									&#10;											&#10;                        Headphones&#10;            &#10;									&#10;											&#10;                        Gaming &amp; Accessories&#10;            &#10;									&#10;					&#10;&#10;					&#10;			&#10;	&#10;			&#10;				&#10;                        Software&#10;            &#10;						&#10;					&#10;				&#10;			&#10;&#10;					&#10;							&#10;								&#10;											&#10;                        Utilities &amp; Operating System&#10;            &#10;									&#10;											&#10;                        Desktop Publishing&#10;            &#10;									&#10;											&#10;                        Communications&#10;            &#10;									&#10;											&#10;                        Productivity&#10;            &#10;									&#10;											&#10;                        Entertainment&#10;            &#10;									&#10;											&#10;                        Education&#10;            &#10;									&#10;											&#10;                        Windows &amp; Mac&#10;            &#10;									&#10;					&#10;&#10;					&#10;			&#10;	&#10;			&#10;				School Supplies&#10;						&#10;					&#10;				&#10;			&#10;&#10;					&#10;							&#10;								&#10;											Calculators&#10;									&#10;											Desk Supplies&#10;									&#10;											Notebooks, Binders &amp; Folders&#10;									&#10;											Notepads Paper &amp; Cards&#10;									&#10;											Planners &amp; Calendars&#10;									&#10;											Writing Tools&#10;									&#10;					&#10;&#10;					&#10;			&#10;	&#10;			&#10;				&#10;                        School Logo Supplies&#10;            &#10;			&#10;	&#10;			&#10;				&#10;                        Art &amp; Photography&#10;            &#10;						&#10;					&#10;				&#10;			&#10;&#10;					&#10;							&#10;								&#10;											&#10;                        Cameras Digital &amp; Film&#10;            &#10;									&#10;											&#10;                        Camera &amp; Lens Accessories&#10;            &#10;									&#10;											&#10;                        Painting &amp; Drawing&#10;            &#10;									&#10;											&#10;                        Surfaces &amp; Canvas&#10;            &#10;									&#10;											&#10;                        Art Instruments &amp; Supplies&#10;            &#10;									&#10;											&#10;                        Sewing Supplies&#10;            &#10;									&#10;					&#10;&#10;					&#10;			&#10;	&#10;			&#10;				&#10;                        Medical &amp; Nursing&#10;            &#10;						&#10;					&#10;				&#10;			&#10;&#10;					&#10;							&#10;								&#10;											&#10;                        Diagnostic Equipment&#10;            &#10;									&#10;											&#10;                        Medical &amp; Nursing Accessories&#10;            &#10;									&#10;											&#10;                        Medical &amp; Nursing Kits&#10;            &#10;									&#10;					&#10;&#10;					&#10;			&#10;	&#10;			&#10;				Science &amp; Laboratory&#10;						&#10;					&#10;				&#10;			&#10;&#10;					&#10;							&#10;								&#10;											Lab Materials&#10;									&#10;											Protective Wear&#10;									&#10;											Lab Instruments &amp; Supplies&#10;									&#10;					&#10;&#10;					&#10;			&#10;	&#10;			&#10;				&#10;                        Scrubs &amp; Uniforms&#10;            &#10;						&#10;					&#10;				&#10;			&#10;&#10;					&#10;							&#10;								&#10;											&#10;                        Medical &amp; Nursewear&#10;            &#10;									&#10;											&#10;                        Polos &amp; Tees&#10;            &#10;									&#10;											&#10;                        Labcoats &amp; Jackets&#10;            &#10;									&#10;					&#10;&#10;					&#10;			&#10;	&#10;			&#10;				&#10;                        Vocational&#10;            &#10;						&#10;					&#10;				&#10;			&#10;&#10;					&#10;							&#10;								&#10;											&#10;                        Engineering &amp; Technical&#10;            &#10;									&#10;											&#10;                        Musical Instruments &amp; Supplies&#10;            &#10;									&#10;											&#10;                        Goggles &amp; Protective Wear&#10;            &#10;									&#10;					&#10;&#10;					&#10;			&#10;	&#10;                                &#10;                            &#10;                    &#10;                            &#10;                                Student Essentials&#10;                                &#10;                            &#10;                            &#10;                                    &#10;                                        &#10;			&#10;				&#10;                        Graduation&#10;            &#10;						&#10;					&#10;				&#10;			&#10;&#10;					&#10;							&#10;								&#10;											&#10;                        Recognition Chairs&#10;            &#10;									&#10;					&#10;&#10;					&#10;			&#10;	&#10;			&#10;				Diploma Frames&#10;						&#10;					&#10;				&#10;			&#10;&#10;					&#10;							&#10;								&#10;											&#10;                        Traditional&#10;            &#10;									&#10;											&#10;                        School Of&#10;            &#10;									&#10;											&#10;                        Contemporary&#10;            &#10;									&#10;											&#10;                        Spirit &amp; Memento&#10;            &#10;									&#10;					&#10;&#10;					&#10;			&#10;	&#10;			&#10;				Dorm &amp; Home&#10;						&#10;					&#10;				&#10;			&#10;&#10;					&#10;							&#10;								&#10;											Bedding&#10;									&#10;											&#10;                        Bath&#10;            &#10;									&#10;											Organization Solutions&#10;									&#10;											Home Electrics &amp; Appliances&#10;									&#10;											Decorate Your Space&#10;									&#10;											&#10;                        Games &amp; Toys&#10;            &#10;									&#10;											&#10;                        Home Fitness&#10;            &#10;									&#10;					&#10;&#10;					&#10;			&#10;	&#10;			&#10;				Health &amp; Personal Care&#10;						&#10;					&#10;				&#10;			&#10;&#10;					&#10;							&#10;								&#10;											&#10;                        Cleaning &amp; Disposables&#10;            &#10;									&#10;											&#10;                        Cough, Cold, First Aid&#10;            &#10;									&#10;											&#10;                        Vitamins &amp; Supplements&#10;            &#10;									&#10;											&#10;                        Hair Care&#10;            &#10;									&#10;											&#10;                        Dental Care&#10;            &#10;									&#10;											&#10;                        Skin Care&#10;            &#10;									&#10;											&#10;                        Cosmetics&#10;            &#10;									&#10;					&#10;&#10;					&#10;			&#10;	&#10;			&#10;				Books, Music &amp; Games&#10;						&#10;					&#10;				&#10;			&#10;&#10;					&#10;							&#10;								&#10;											Fiction&#10;									&#10;											Young Adult Fiction&#10;									&#10;											Non Fiction&#10;									&#10;											&#10;                        Manga &amp; Graphic Novels&#10;            &#10;									&#10;											&#10;                        Literature&#10;            &#10;									&#10;											&#10;                        Science Fiction &amp; Fantasy&#10;            &#10;									&#10;											&#10;                        Romance&#10;            &#10;									&#10;											&#10;                        Poetry&#10;            &#10;									&#10;											&#10;                        Thriller&#10;            &#10;									&#10;											&#10;                        Biography &amp; Autobiography&#10;            &#10;									&#10;											&#10;                        Business &amp; Economics&#10;            &#10;									&#10;											&#10;                        Study Aids&#10;            &#10;									&#10;											&#10;                        Personal Growth&#10;            &#10;									&#10;											&#10;                        Vinyl&#10;            &#10;									&#10;											Toys &amp; Games&#10;									&#10;											&#10;                        Gaming&#10;            &#10;									&#10;					&#10;&#10;					&#10;			&#10;	&#10;			&#10;				Bags &amp; Accessories&#10;						&#10;					&#10;				&#10;			&#10;&#10;					&#10;							&#10;								&#10;											Backpacks&#10;									&#10;											Totes&#10;									&#10;											Drinkware&#10;									&#10;											Accessories&#10;									&#10;					&#10;&#10;					&#10;			&#10;	&#10;			&#10;				Religious Gifts&#10;						&#10;					&#10;				&#10;			&#10;&#10;					&#10;							&#10;								&#10;											Jewelry&#10;									&#10;											Rosaries &amp; Rosary Bracelets&#10;									&#10;					&#10;&#10;					&#10;			&#10;	&#10;			&#10;				&#10;                        Hydration&#10;            &#10;			&#10;	&#10;			&#10;				&#10;                        Food &amp; Care Packages&#10;            &#10;						&#10;					&#10;				&#10;			&#10;&#10;					&#10;							&#10;								&#10;											Pantry Shop&#10;									&#10;											Snack Packs &amp; Gifts&#10;									&#10;					&#10;&#10;					&#10;			&#10;	&#10;                                &#10;                            &#10;                    &#10;                            &#10;                                &#10;                        Health &amp; Wellness&#10;            &#10;                                &#10;                            &#10;                            &#10;                                    &#10;                                        &#10;			&#10;				&#10;                        Aromatherapy&#10;            &#10;			&#10;	&#10;			&#10;				&#10;                        Home &amp; Office&#10;            &#10;			&#10;	&#10;			&#10;				&#10;                        Reading&#10;            &#10;			&#10;	&#10;			&#10;				&#10;                        Vitamins &amp; Supplements&#10;            &#10;			&#10;	&#10;			&#10;				&#10;                        Bath Body &amp; Grooming&#10;            &#10;			&#10;	&#10;			&#10;				&#10;                        Fitness &amp; Massage&#10;            &#10;			&#10;	&#10;                                &#10;                            &#10;                    &#10;        &#10;    &#10;&#10;&#10;    &#10;        &#10;            &#10;                &#10;                    &#10;                        Home&#10;    &#10;                    &#10;                    &#10;&#10;                                 &#10;                                          Course Materials &amp; Textbooks&#10;                                          &#10;                                      &#10;                                    &#10;                            &#10;                                    &#10;                                        &#10;						&#10;                        Find Course Materials&#10;            &#10;				&#10;						&#10;                        Textbook Rentals&#10;            &#10;				&#10;						&#10;                        Sell Back Textbooks&#10;            &#10;				&#10;						&#10;                        Return My Rentals&#10;            &#10;				&#10;                                    &#10;                                &#10;                            &#10;&#10;                                 &#10;                                          Apparel &amp; Spirit Shop&#10;                                          &#10;                                      &#10;                                    &#10;                            &#10;                                    &#10;                                        &#10;						&#10;                        Men’s Apparel&#10;            &#10;				&#10;						&#10;                        Women’s Apparel&#10;            &#10;				&#10;						&#10;                        Kids&apos; Apparel&#10;            &#10;				&#10;						&#10;                        T-Shirts&#10;            &#10;				&#10;						&#10;                        Sweatshirts&#10;            &#10;				&#10;						&#10;                        Hats&#10;            &#10;				&#10;						&#10;                        Home &amp; Office&#10;            &#10;				&#10;						&#10;                        Outdoor &amp; Recreation &#10;            &#10;				&#10;						&#10;                        Accessories&#10;            &#10;				&#10;                                    &#10;                                &#10;                            &#10;&#10;                                 &#10;                                          Supplies &amp; Technology&#10;                                          &#10;                                      &#10;                                    &#10;                            &#10;                                    &#10;                                        &#10;						&#10;                        Apple&#10;            &#10;								&#10;							&#10;						&#10;				&#10;				&#10;					&#10;					Back&#10;				&#10;&#10;				&#10;							&#10;                        Apple&#10;            &#10;					&#10;									&#10;                        Mac&#10;            &#10;							&#10;									&#10;                        Apple iPad&#10;            &#10;							&#10;									&#10;                        AirPods&#10;            &#10;							&#10;									&#10;                        Charging&#10;            &#10;							&#10;									&#10;                        Keyboards &amp; Mice&#10;            &#10;							&#10;									&#10;                        Apple Accessories&#10;            &#10;							&#10;		&#10;						Computers &amp; Electronics&#10;								&#10;							&#10;						&#10;				&#10;				&#10;					&#10;					Back&#10;				&#10;&#10;				&#10;							Computers &amp; Electronics&#10;					&#10;									Speakers&#10;							&#10;									Batteries &amp; Battery Packs&#10;							&#10;									Phone Accessories&#10;							&#10;									Laptop Sleeves &amp; Bags&#10;							&#10;									Desktops, Laptops &amp; Tablets&#10;							&#10;									Keyboards &amp; Mice&#10;							&#10;									Drives &amp; Storage Media&#10;							&#10;									Ink &amp; Printer Supplies&#10;							&#10;									Cameras&#10;							&#10;									Computer Accessories&#10;							&#10;									Cables &amp; Surge Protectors&#10;							&#10;									&#10;                        Charging Cables &amp; Adapters&#10;            &#10;							&#10;									&#10;                        Headphones&#10;            &#10;							&#10;									&#10;                        Gaming &amp; Accessories&#10;            &#10;							&#10;		&#10;						&#10;                        Software&#10;            &#10;								&#10;							&#10;						&#10;				&#10;				&#10;					&#10;					Back&#10;				&#10;&#10;				&#10;							&#10;                        Software&#10;            &#10;					&#10;									&#10;                        Utilities &amp; Operating System&#10;            &#10;							&#10;									&#10;                        Desktop Publishing&#10;            &#10;							&#10;									&#10;                        Communications&#10;            &#10;							&#10;									&#10;                        Productivity&#10;            &#10;							&#10;									&#10;                        Entertainment&#10;            &#10;							&#10;									&#10;                        Education&#10;            &#10;							&#10;									&#10;                        Windows &amp; Mac&#10;            &#10;							&#10;		&#10;						School Supplies&#10;								&#10;							&#10;						&#10;				&#10;				&#10;					&#10;					Back&#10;				&#10;&#10;				&#10;							School Supplies&#10;					&#10;									Calculators&#10;							&#10;									Desk Supplies&#10;							&#10;									Notebooks, Binders &amp; Folders&#10;							&#10;									Notepads Paper &amp; Cards&#10;							&#10;									Planners &amp; Calendars&#10;							&#10;									Writing Tools&#10;							&#10;		&#10;						&#10;                        School Logo Supplies&#10;            &#10;				&#10;						&#10;                        Art &amp; Photography&#10;            &#10;								&#10;							&#10;						&#10;				&#10;				&#10;					&#10;					Back&#10;				&#10;&#10;				&#10;							&#10;                        Art &amp; Photography&#10;            &#10;					&#10;									&#10;                        Cameras Digital &amp; Film&#10;            &#10;							&#10;									&#10;                        Camera &amp; Lens Accessories&#10;            &#10;							&#10;									&#10;                        Painting &amp; Drawing&#10;            &#10;							&#10;									&#10;                        Surfaces &amp; Canvas&#10;            &#10;							&#10;									&#10;                        Art Instruments &amp; Supplies&#10;            &#10;							&#10;									&#10;                        Sewing Supplies&#10;            &#10;							&#10;		&#10;						&#10;                        Medical &amp; Nursing&#10;            &#10;								&#10;							&#10;						&#10;				&#10;				&#10;					&#10;					Back&#10;				&#10;&#10;				&#10;							&#10;                        Medical &amp; Nursing&#10;            &#10;					&#10;									&#10;                        Diagnostic Equipment&#10;            &#10;							&#10;									&#10;                        Medical &amp; Nursing Accessories&#10;            &#10;							&#10;									&#10;                        Medical &amp; Nursing Kits&#10;            &#10;							&#10;		&#10;						Science &amp; Laboratory&#10;								&#10;							&#10;						&#10;				&#10;				&#10;					&#10;					Back&#10;				&#10;&#10;				&#10;							Science &amp; Laboratory&#10;					&#10;									Lab Materials&#10;							&#10;									Protective Wear&#10;							&#10;									Lab Instruments &amp; Supplies&#10;							&#10;		&#10;						&#10;                        Scrubs &amp; Uniforms&#10;            &#10;								&#10;							&#10;						&#10;				&#10;				&#10;					&#10;					Back&#10;				&#10;&#10;				&#10;							&#10;                        Scrubs &amp; Uniforms&#10;            &#10;					&#10;									&#10;                        Medical &amp; Nursewear&#10;            &#10;							&#10;									&#10;                        Polos &amp; Tees&#10;            &#10;							&#10;									&#10;                        Labcoats &amp; Jackets&#10;            &#10;							&#10;		&#10;						&#10;                        Vocational&#10;            &#10;								&#10;							&#10;						&#10;				&#10;				&#10;					&#10;					Back&#10;				&#10;&#10;				&#10;							&#10;                        Vocational&#10;            &#10;					&#10;									&#10;                        Engineering &amp; Technical&#10;            &#10;							&#10;									&#10;                        Musical Instruments &amp; Supplies&#10;            &#10;							&#10;									&#10;                        Goggles &amp; Protective Wear&#10;            &#10;							&#10;		&#10;                                    &#10;                                &#10;                            &#10;&#10;                                 &#10;                                          Student Essentials&#10;                                          &#10;                                      &#10;                                    &#10;                            &#10;                                    &#10;                                        &#10;						&#10;                        Graduation&#10;            &#10;								&#10;							&#10;						&#10;				&#10;				&#10;					&#10;					Back&#10;				&#10;&#10;				&#10;							&#10;                        Graduation&#10;            &#10;					&#10;									&#10;                        Recognition Chairs&#10;            &#10;							&#10;		&#10;						Diploma Frames&#10;								&#10;							&#10;						&#10;				&#10;				&#10;					&#10;					Back&#10;				&#10;&#10;				&#10;							Diploma Frames&#10;					&#10;									&#10;                        Traditional&#10;            &#10;							&#10;									&#10;                        School Of&#10;            &#10;							&#10;									&#10;                        Contemporary&#10;            &#10;							&#10;									&#10;                        Spirit &amp; Memento&#10;            &#10;							&#10;		&#10;						Dorm &amp; Home&#10;								&#10;							&#10;						&#10;				&#10;				&#10;					&#10;					Back&#10;				&#10;&#10;				&#10;							Dorm &amp; Home&#10;					&#10;									Bedding&#10;							&#10;									&#10;                        Bath&#10;            &#10;							&#10;									Organization Solutions&#10;							&#10;									Home Electrics &amp; Appliances&#10;							&#10;									Decorate Your Space&#10;							&#10;									&#10;                        Games &amp; Toys&#10;            &#10;							&#10;									&#10;                        Home Fitness&#10;            &#10;							&#10;		&#10;						Health &amp; Personal Care&#10;								&#10;							&#10;						&#10;				&#10;				&#10;					&#10;					Back&#10;				&#10;&#10;				&#10;							Health &amp; Personal Care&#10;					&#10;									&#10;                        Cleaning &amp; Disposables&#10;            &#10;							&#10;									&#10;                        Cough, Cold, First Aid&#10;            &#10;							&#10;									&#10;                        Vitamins &amp; Supplements&#10;            &#10;							&#10;									&#10;                        Hair Care&#10;            &#10;							&#10;									&#10;                        Dental Care&#10;            &#10;							&#10;									&#10;                        Skin Care&#10;            &#10;							&#10;									&#10;                        Cosmetics&#10;            &#10;							&#10;		&#10;						Books, Music &amp; Games&#10;								&#10;							&#10;						&#10;				&#10;				&#10;					&#10;					Back&#10;				&#10;&#10;				&#10;							Books, Music &amp; Games&#10;					&#10;									Fiction&#10;							&#10;									Young Adult Fiction&#10;							&#10;									Non Fiction&#10;							&#10;									&#10;                        Manga &amp; Graphic Novels&#10;            &#10;							&#10;									&#10;                        Literature&#10;            &#10;							&#10;									&#10;                        Science Fiction &amp; Fantasy&#10;            &#10;							&#10;									&#10;                        Romance&#10;            &#10;							&#10;									&#10;                        Poetry&#10;            &#10;							&#10;									&#10;                        Thriller&#10;            &#10;							&#10;									&#10;                        Biography &amp; Autobiography&#10;            &#10;							&#10;									&#10;                        Business &amp; Economics&#10;            &#10;							&#10;									&#10;                        Study Aids&#10;            &#10;							&#10;									&#10;                        Personal Growth&#10;            &#10;							&#10;									&#10;                        Vinyl&#10;            &#10;							&#10;									Toys &amp; Games&#10;							&#10;									&#10;                        Gaming&#10;            &#10;							&#10;		&#10;						Bags &amp; Accessories&#10;								&#10;							&#10;						&#10;				&#10;				&#10;					&#10;					Back&#10;				&#10;&#10;				&#10;							Bags &amp; Accessories&#10;					&#10;									Backpacks&#10;							&#10;									Totes&#10;							&#10;									Drinkware&#10;							&#10;									Accessories&#10;							&#10;		&#10;						Religious Gifts&#10;								&#10;							&#10;						&#10;				&#10;				&#10;					&#10;					Back&#10;				&#10;&#10;				&#10;							Religious Gifts&#10;					&#10;									Jewelry&#10;							&#10;									Rosaries &amp; Rosary Bracelets&#10;							&#10;		&#10;						&#10;                        Hydration&#10;            &#10;				&#10;						&#10;                        Food &amp; Care Packages&#10;            &#10;								&#10;							&#10;						&#10;				&#10;				&#10;					&#10;					Back&#10;				&#10;&#10;				&#10;							&#10;                        Food &amp; Care Packages&#10;            &#10;					&#10;									Pantry Shop&#10;							&#10;									Snack Packs &amp; Gifts&#10;							&#10;		&#10;                                    &#10;                                &#10;                            &#10;&#10;                                 &#10;                                          Health &amp; Wellness&#10;                                          &#10;                                      &#10;                                    &#10;                            &#10;                                    &#10;                                        &#10;						&#10;                        Aromatherapy&#10;            &#10;				&#10;						&#10;                        Home &amp; Office&#10;            &#10;				&#10;						&#10;                        Reading&#10;            &#10;				&#10;						&#10;                        Vitamins &amp; Supplements&#10;            &#10;				&#10;						&#10;                        Bath Body &amp; Grooming&#10;            &#10;				&#10;						&#10;                        Fitness &amp; Massage&#10;            &#10;				&#10;                                    &#10;                                &#10;                            &#10;            &#10;        &#10;    &#10;&#10;&#10;    &#10;&#10;    &#10;       &#10;           You are shopping DePaul University Loop Campus &amp; SAIC&#10;       &#10;&#10;        &#10;            Or select another store:&#10;        &#10;            &#10;                    &#10;				&#10;                Preferred Campus&#10;                                    &#10;                            &#10;						&#10;            &#10;        &#10;            Please choose from list&#10;                DePaul University Loop Campus &amp; SAICDePaul University Lincoln Park Campus Please choose from list&#10;    &#10;		&#10;            &#10;                Save Store&#10;        &#10;&#10;&#10;&#10;&#10;&#10;&#10;&#10;&#10;			&#10;				&#10;&#10;&#10;&#10;&#10;&#10;  &#10;&#10;        &#10;                &#10;        &#10;            &#10;                &#10;                    &#10;                        Up to 50% Off Clearance Items&#10;                                        &#10;                &#10;                &#10;                    &#10;                        &#10;                    &#10;                &#10;            &#10;        &#10;    &#10;&#10;        &#10;&#10;&#10;        &#10;&#10;&#10;        &#10;&#10;                &#10;&#10;&#10;&#10;&#10;&#10;        &#10;            &#10;                    &#10;                    &#10;                    &#10;                    &#10;                    &#10;                &#10;                    &#10;                        25% off Supplies&#10;                        &#10;                                Shop Supplies&#10;                        &#10;                &#10;            &#10;    &#10;        &#10;            &#10;                    &#10;                    &#10;                    &#10;                    &#10;                    &#10;                &#10;                    &#10;                        Apparel &amp; Spirit Shop&#10;                        &#10;                                &#10;                        Shop Apparel&#10;            &#10;                        &#10;                &#10;            &#10;    &#10;        &#10;            &#10;                    &#10;                    &#10;                    &#10;                    &#10;                    &#10;                &#10;                    &#10;                        Technology&#10;                        &#10;                                Shop Technology&#10;                        &#10;                &#10;            &#10;    &#10;        &#10;            &#10;                    &#10;                    &#10;                    &#10;                    &#10;                    &#10;                &#10;                    &#10;                        Limited Time Only&#10;                        &#10;                                Shop Now&#10;                        &#10;                &#10;            &#10;    &#10;        &#10;            &#10;                    &#10;                    &#10;                    &#10;                    &#10;                    &#10;                &#10;                    &#10;                        Limited Time Only&#10;                        &#10;                                Shop Diploma Frames&#10;                        &#10;                &#10;            &#10;    &#10;        &#10;            &#10;                    &#10;                    &#10;                    &#10;                    &#10;                    &#10;                &#10;                    &#10;                        25% off Supplies&#10;                        &#10;                                Shop Supplies&#10;                        &#10;                &#10;            &#10;    &#10;        &#10;            &#10;                    &#10;                    &#10;                    &#10;                    &#10;                    &#10;                &#10;                    &#10;                        Apparel &amp; Spirit Shop&#10;                        &#10;                                &#10;                        Shop Apparel&#10;            &#10;                        &#10;                &#10;            &#10;    &#10;        &#10;            &#10;                    &#10;                    &#10;                    &#10;                    &#10;                    &#10;                &#10;                    &#10;                        Technology&#10;                        &#10;                                Shop Technology&#10;                        &#10;                &#10;            &#10;    &#10;        &#10;            &#10;                    &#10;                    &#10;                    &#10;                    &#10;                    &#10;                &#10;                    &#10;                        Limited Time Only&#10;                        &#10;                                Shop Now&#10;                        &#10;                &#10;            &#10;    &#10;        &#10;            &#10;                    &#10;                    &#10;                    &#10;                    &#10;                    &#10;                &#10;                    &#10;                        Limited Time Only&#10;                        &#10;                                Shop Diploma Frames&#10;                        &#10;                &#10;            &#10;    &#10;        &#10;            &#10;                    &#10;                    &#10;                    &#10;                    &#10;                    &#10;                &#10;                    &#10;                        25% off Supplies&#10;                        &#10;                                Shop Supplies&#10;                        &#10;                &#10;            &#10;    Pause Carousel&#10;        &#10;        Disable Carousel Autoplay&#10;&#10;&#10;&#10;        &#10;                &#10;                    &#10;                        &#10;                            &#10;                                        Course Materials&#10;    &#10;                                        Your DePaul Spring 2026 Course Materials&#10;                                                &#10;                                            &#10;                        &#10;                            &#10;                                        &#10;        &#10;            &#10;&#10;&#10;&#10;    &#10;    &#10;        &#10;    Course Materials&#10;    &#10;        &#10;        &#10;    &#10;    &#10;        &#10;        &#10;            &#10;                &#10;            &#10;            &#10;        &#10;        &#10;            &#10;                &#10;            &#10;            &#10;        &#10;        &#10;        &#10;    &#10;&#10;    &#10;Course Materials Concierge&#10;            For a customized list of course materials, use our course materials finder.&#10;        &#10;        &#10;&#10;&#10;&#10;&#10;	 &#10;	 	&#10;        	SEARCH NOW&#10;    	&#10;	 &#10;    &#10;    &#10;&#10;&#10;&#10;                                    &#10;                    &#10;                &#10;            &#10;        &#10;&#10;&#10;&#10;&#10;                &#10;                    Shop Now and Save Up to 50% Off&#10;                    &#10;                        &#10;                                            &#10;                                                &#10;                                                NOTEBOOKS&#10;                                            &#10;                                        &#10;                                    &#10;                                            &#10;                                                &#10;                                                WRITING&#10;                                            &#10;                                        &#10;                                    &#10;                                            &#10;                                                &#10;                                                CALCULATORS&#10;                                            &#10;                                        &#10;                                    &#10;                                            &#10;                                                &#10;                                                BINDERS &amp; FOLDERS&#10;                                            &#10;                                        &#10;                                    &#10;                &#10;            &#10;        &#10;&#10;                &#10;                    &#10;                        &#10;                                            &#10;                                                &#10;                                                COMPUTERS &amp; HARDWARE&#10;                                            &#10;                                        &#10;                                    &#10;                                            &#10;                                                &#10;                                                SOFTWARE&#10;                                            &#10;                                        &#10;                                    &#10;                                            &#10;                                                &#10;                                                HEADPHONES &amp; SPEAKERS&#10;                                            &#10;                                        &#10;                                    &#10;                                            &#10;                                                &#10;                                                GAMING&#10;                                            &#10;                                        &#10;                                    &#10;                &#10;            &#10;        &#10;&#10;                &#10;&#10;                    &#10;                        &#10;&#10;                  &#10;                    &#10;                        &#10;                            &#10;                            &#10;                                &#10;                                DIPLOMA FRAMES&#10;                            &#10;                        &#10;                    &#10;                                                        &#10;                                                            &#10;                                                            LAPTOPS&#10;                                                        &#10;                                                    &#10;                                                &#10;                    &#10;                &#10;            &#10;        &#10;&#10;                &#10;&#10;                    &#10;                        &#10;&#10;                  &#10;                    &#10;                        &#10;                            &#10;                                                        &#10;                                                            &#10;                                                            CAMPUS TO CAREER&#10;                                                        &#10;                                                    &#10;                                                &#10;                            &#10;                                &#10;                                WELLNESS&#10;                            &#10;                        &#10;                    &#10;                    &#10;                &#10;            &#10;        &#10;&#10;                &#10;                    &#10;                            &#10;                                    &#10;                                        DORM FAVORITES&#10;                                    &#10;                                &#10;                            &#10;                                &#10;                                    &#10;                                    &#10;                                &#10;                                &#10;                        &#10;                    &#10;                        &#10;    &#10;    &#10;            &#10;                            &#10;                                &#10;                                BEDDING&#10;                                &#10;                        &#10;                    &#10;                            &#10;                                &#10;                                ORGANIZATION&#10;                                &#10;                        &#10;                    &#10;                            &#10;                                &#10;                                DECOR&#10;                                &#10;                        &#10;                    &#10;                            &#10;                                &#10;                                BATH&#10;                                &#10;                        &#10;                    &#10;                &#10;            &#10;        &#10;&#10;                &#10;                    &#10;                            &#10;                                    &#10;                                        LAST CHANCE&#10;                                    &#10;                                &#10;                            &#10;                                &#10;                                    &#10;                                    &#10;                                &#10;                                &#10;                        &#10;                    &#10;                        &#10;    &#10;    &#10;            &#10;                            &#10;                                &#10;                                TECH ACCESSORIES&#10;                                &#10;                        &#10;                    &#10;                            &#10;                                &#10;                                AUDIO&#10;                                &#10;                        &#10;                    &#10;                            &#10;                                &#10;                                WRITING SUPPLIES&#10;                                &#10;                        &#10;                    &#10;                            &#10;                                &#10;                                NOTEBOOK DEALS&#10;                                &#10;                        &#10;                    &#10;                &#10;            &#10;        &#10;&#10;&#10;                &#10;&#10;                    &#10;                        &#10;&#10;                  &#10;                    &#10;                        &#10;                            &#10;                                                        &#10;                                                            &#10;                                                            FOOD, SNACKS, &amp; CARE PACKAGES&#10;                                                        &#10;                                                    &#10;                                                &#10;                                                        &#10;                                                            &#10;                                                            HEALTH &amp; BEAUTY CARE&#10;                                                        &#10;                                                    &#10;                                                &#10;                    &#10;                &#10;            &#10;        &#10;&#10;    &#10;        &#10;            &#10;                &#10;                    &#10;                                Campus to Career&#10;                    &#10;                            &#10;	&#10;		&#10;&#10;                    &#10;                                Designed with your ambition in mind, Campus to Career supports your move from classroom to career. Stepping into your future starts with the right tools. Bridge the move between college life and career with practical tools and accessories&#10;                    &#10;                            Shop Professional Essentials&#10;                    &#10;            &#10;&#10;            &#10;                        &#10;	&#10;		&#10;&#10;                &#10;    &#10;&#10;&#10;&#10;    &#10;        &#10;            &#10;                    &#10;	&#10;		&#10;&#10;                &#10;                &#10;                    &#10;                                Grads&#10;                    &#10;                            &#10;	&#10;		&#10;&#10;                    &#10;                                Order Your Cap, Gown, and Everything You Need to Celebrate Your Achievement&#10;                    &#10;                            SHOP REGALIA&#10;                    &#10;            &#10;&#10;            &#10;    &#10;&#10;&#10;&#10;    &#10;        &#10;            &#10;                    &#10;	&#10;		&#10;&#10;                &#10;                &#10;                    &#10;                                What to Read Next&#10;                    &#10;                            &#10;	&#10;		&#10;&#10;                    &#10;                                This selection of new releases and old favorites will help you discover the book you’ll want to read next. Whether you’re looking for essential information or something fun to read on vacation, we’ve got a book for you.&#10;                    &#10;                            SHOP BOOKS&#10;                    &#10;            &#10;&#10;            &#10;    &#10;&#10;&#10;&#10;    &#10;        &#10;            &#10;                &#10;                    &#10;                                Bundle Up in School Spirit&#10;                    &#10;                            &#10;	&#10;		&#10;&#10;                    &#10;                                Rep your colors all winter long&#10;                    &#10;                            &#10;                        Shop Spirit Gear&#10;            &#10;                    &#10;            &#10;&#10;            &#10;                        &#10;	&#10;		&#10;&#10;                &#10;    &#10;&#10;&#10;&#10;&#10;&#10;&#10;                &#10;                    &#10;                        &#10;                            &#10;                                &#10;                                &#10;                            &#10;                        &#10;                    &#10;                                            &#10;                                                &#10;                                                &#10;                                            &#10;                                        &#10;                                    &#10;                                            &#10;                                                &#10;                                                &#10;                                            &#10;                                        &#10;                                    &#10;                    &#10;            &#10;        &#10;	&#10;&#10;                    &#10;                        BACK TO TOP&#10;&#10;&#10;				&#10;			&#10;&#10;			&#10;    footer&#10;    &#10;        &#10;            &#10;                &#10;        &#10;                    DePaul University Loop Campus Official Bookstore&#10;                &#10;            &#10;&#10;                &#10;                    &#10;                        Join the Mailing List&#10;                    &#10;                        &#10;                            Sign Up&#10;                            &#10;&#10;&#10;                    &#10;    THANK YOU! &#10;    CLICK HERE&#10;    to Get 10% Off Your Next Purchase. &#10;&#10;            &#10;        &#10;&#10;        &#10;            &#10;                &#10;                    &#10;                        &#10;                            &#10;                                Customer Care&#10;                        &#10;&#10;                        &#10;                            &#10;&#10;                                &#10;        &#10;            DePaul University Loop Campus &amp; SAIC&#10;        &#10;        &#10;                1 E. Jackson Boulevard&#10;                Chicago, IL 60604&#10;                &#10;        &#10;&#10;                                &#10;                                    &#10;Visit Customer Care&#10;&#10;&#10;&#10;&#10;&#10;    Questions?&#10;    &#10;    &#10;        &#10;            &#10;                &#10;            &#10;        &#10;         Chat&#10;    &#10;    &#10;&#10;                            &#10;                            &#10;                                &#10;        &#10;               Store hours&#10;    &#10;                   &#10;            &#10;                &#10;                        Mon:&#10;                                8AM&#10;                             - 10PM *&#10;                            &#10;                    &#10;                        Tue:&#10;                                8AM&#10;                             - 10PM *&#10;                            &#10;                    &#10;                        Wed:&#10;                                8AM&#10;                             - 10PM *&#10;                            &#10;                    &#10;                        Thu:&#10;                                8AM&#10;                             - 10PM *&#10;                            &#10;                    &#10;                        Fri:&#10;                                8AM&#10;                             - 6PM *&#10;                            &#10;                    &#10;                        Sat:&#10;                                10AM&#10;                             - 6PM *&#10;                            &#10;                    &#10;                        Sun:&#10;                                Closed&#10;                             &#10;                     *The Cafe closes at 7pm Monday thru Thursday.&#10;                &#10;        &#10;                            &#10;                            &#10;                                &#10;Visit Customer Care&#10;&#10;&#10;&#10;&#10;&#10;    Questions?&#10;    &#10;    &#10;        &#10;            &#10;                &#10;            &#10;        &#10;         Chat&#10;    &#10;    &#10;&#10;                        &#10;                    &#10;                &#10;            &#10;&#10;            &#10;                &#10;                    &#10;                        Email Signup for Your Bookstore Updates&#10;                    &#10;                        &#10;                            Sign Up&#10;                            &#10;&#10;&#10;                    &#10;    THANK YOU! &#10;    CLICK HERE&#10;    to Get 10% Off Your Next Purchase. &#10;&#10;                &#10;                    &#10;                            &#10;                                &#10;                                    &#10;&#10;                                        &#10;                                                        QUICKLINKS&#10;                                            &#10;                                    &#10;&#10;                                        &#10;                                                &#10;                                                        &#10;&#10;                        Spirit Shop Help&#10;            &#10;Work for Us&#10;                                                &#10;                                                        &#10;&#10;                                                &#10;                                        &#10;                                &#10;                            &#10;                        &#10;                    &#10;            &#10;        &#10;        &#10;            &#10;                &#10;                    &#10;                        &#10;                            &#10;                                &#10;                                &#10;                                &#10;                                &#10;                                &#10;                                &#10;                                &#10;                                &#10;                                &#10;                                &#10;                                &#10;                                &#10;                                &#10;                                &#10;                                &#10;                                &#10;                                &#10;                                    &#10;                                &#10;                            &#10;                        &#10;                    &#10;                    &#10;                        &#10;       &#10;                        &#10;                        Copyright&#10;            &#10;                    &#10;                &#10;                        &#10;                        Privacy Policy&#10;            &#10;                    &#10;                &#10;                        &#10;                        Accessibility&#10;            &#10;                    &#10;                &#10;                        &#10;                        Terms of Use&#10;            &#10;                    &#10;                &#10;                        CA Privacy Policy&#10;                    &#10;                &#10;                        Returns and Refunds&#10;                    &#10;                &#10;                        &#10;                        Do Not Sell or Share My Personal Information&#10;            &#10;                    &#10;                &#10;                        &#10;                        Manage My Data&#10;            &#10;                    &#10;                &#10;&#10;                    &#10;        &#10;            &#10;    &#10;                &#10;                &#10;                &#10;                &#10;            &#10;        &#10;    &#10;&#10;&#10;&#10;&#10;&#10;&#10;	&#10;		&#10;	&#10;	&#10;&#10;	&#10;	&#10;&#10;&#10;&#10;		&#10;	&#10;&#10;&#10;&#10;&#10;PreviousNextSlideShow&#10;&#10;&#10;&#10;&#10;&#10;&#10;&#10;&#10;&#10;        &#10;        &#10;&#10;&#10;&#10;&#10;&#10;Call log:&#10;  - Locator.expect with timeout 5000ms&#10;  - waiting for locator(&quot;body&quot;)&#10;    8 × locator resolved to &lt;body class=&quot;page-cmsitem-00056000 pageType-ContentPage template-pages-layout-landingLayout2Page pageLabel-ac-homepage smartedit-page-uid-cmsitem_00056000 smartedit-page-uuid-eyJpdGVtSWQiOiJjbXNpdGVtXzAwMDU2MDAwIiwiY2F0YWxvZ0lkIjoiYWNhZGVtaWNDb250ZW50Q2F0YWxvZyIsImNhdGFsb2dWZXJzaW9uIjoiT25saW5lIn0= smartedit-catalog-version-uuid-academicContentCatalog/Online  language-en&quot;&gt;…&lt;/body&gt;&#10;      - unexpected value &quot;&#10;    &#10;&#10;			&#10;		&#10;		&#10;			Root&#10;			&#10;				&#10;					&#10;						Skip to content&#10;    &#10;					Skip to content&#10;    &#10;				&#10;				&#10;					&#10;						Skip to navigation menu&#10;    &#10;					Skip to navigation menu&#10;    &#10;				&#10;			&#10;			&#10;&#10;    Sign In/Create Account&#10;     to Sign In / Create Account&#10;    &#10;    Sign In/Create Account&#10;    &#10;    My Account&#10;    &#10;    My Account&#10;    &#10;    Open cart menu&#10;    &#10;    Close cart menu&#10;    &#10;    &#10;        &#10;&#10;&#10;&#10;    &#10;        &#10;    &#10;&#10;&#10;&#10;&#10;&#10;    &#10;        &#10;            &#10;                Supported Browsers: Internet Explorer (IE) is an outdated browser that does not fully support the latest web standards&#10;            &#10;            &#10;                &#10;                    &#10;                &#10;            &#10;        &#10;    &#10;&#10;&#10;                &#10;&#10;&#10;&#10;&#10;&#10;&#10;&#10;&#10;&#10;&#10;    &#10;        &#10;            &#10;            &#10;                Bookstore&#10;            &#10;        &#10;    &#10;    &#10;        &#10;            &#10;            &#10;                Apparel &amp; Spirit Shop&#10;            &#10;        &#10;    &#10;&#10;    &#10;        &#10;            &#10;                &#10;&#10;&#10;&#10;&#10;&#10;&#10;&#10;    Sign In / Create Account&#10;    &#10;        &#10;    &#10;&#10;    &#10;        &#10;            &#10;	&#10;    &#10;		    &#10;			&#10;            	&#10;			&#10;&#10;			&#10;				Sign In&#10;			&#10;			&#10;				&#10;						Forgot Your Password?&#10;				&#10;		&#10;	&#10;&#10;&#10;&#10;        &#10;        &#10;            &#10;            &#10;                Don&apos;t Have an Account Yet?&#10;            &#10;                &#10;    Create Account&#10;    &#10;            &#10;            &#10;        &#10;    &#10;&#10;            &#10;        &#10;    &#10;&#10;&#10;        coursewareConfirmationFlow is false&#10;        &#10;         &#10;        vstConfirmationFlow is false&#10;        &#10;            &#10;                &#10;&#10;&#10;&#10;&#10;    &#10;        DePaul University Loop Campus &amp; SAIC     CHANGE&#10;    &#10;&#10;                &#10;                    Current Weather On Campus&#10;                &#10;                &#10;                    44°&#10;                &#10;                &#10;                    &#10;                            Clear Day&#10;                        &#10;            &#10;                &#10;                    &#10;&#10;                    &#10;&#10;&#10;&#10;&#10;&#10;	&#10;	Open cart menu&#10;&#10;	&#10;&#10;		Cart 0 items&#10;	&#10;&#10;	&#10;		&#10;	&#10;	(0)&#10;	&#10;&#10;&#10;&#10;&#10;&#10;            &#10;        &#10;    &#10;&#10;    &#10;        &#10;&#10;&#10;&#10;    &#10;        &#10;    &#10;&#10;&#10;&#10;&#10;&#10;    &#10;        &#10;            &#10;                Supported Browsers: Internet Explorer (IE) is an outdated browser that does not fully support the latest web standards&#10;            &#10;            &#10;                &#10;                    &#10;                &#10;            &#10;        &#10;    &#10;&#10;&#10;            &#10;                &#10;                            &#10;&#10;&#10;&#10;&#10;&#10;&#10;&#10;&#10;&#10;&#10;    &#10;        &#10;            &#10;            &#10;                Bookstore&#10;            &#10;        &#10;    &#10;    &#10;        &#10;            &#10;            &#10;                Apparel &amp; Spirit Shop&#10;            &#10;        &#10;    &#10;&#10;    &#10;&#10;&#10;                    &#10;                &#10;                    Current Weather On Campus&#10;                &#10;                &#10;                    44°&#10;                &#10;                &#10;                    &#10;                            Clear Day&#10;                        &#10;            &#10;                &#10;                    &#10;                        &#10;                                &#10;                                    &#10;                                &#10;                            &#10;                        &#10;                        &#10;                            &#10;	&#10;    &#10;		    &#10;			&#10;            	&#10;			&#10;&#10;			&#10;				Sign In&#10;			&#10;			&#10;				&#10;						Forgot Your Password?&#10;				&#10;		&#10;	&#10;&#10;&#10;&#10;                                Don&apos;t Have an Account Yet?&#10;    Create Account&#10;    &#10;                        &#10;                    &#10;                    &#10;&#10;                    &#10;                    &#10;                        &#10;&#10;&#10;&#10;&#10;&#10;	&#10;	Open cart menu&#10;&#10;	&#10;&#10;		Cart 0 items&#10;	&#10;&#10;	&#10;		&#10;	&#10;	(0)&#10;	&#10;&#10;&#10;&#10;&#10;&#10;&#10;                    &#10;            &#10;            &#10;                    &#10;&#10;&#10;&#10;&#10;&#10;&#10;&#10;&#10;&#10;&#10;    &#10;        &#10;            &#10;                Bookstore&#10;            &#10;            &#10;        &#10;    &#10;    &#10;        &#10;            &#10;                Spirit Shop&#10;            &#10;            &#10;        &#10;    &#10;&#10;    &#10;&#10;&#10;            &#10;    &#10;    &#10;            &#10;                &#10;                    &#10;&#10;&#10;&#10;&#10;    &#10;        DePaul University Loop Campus &amp; SAIC     CHANGE&#10;    &#10;&#10;            &#10;        &#10;    &#10;        &#10;            &#10;                &#10;                    &#10;                        &#10;&#10;	&#10;				&#10;			&#10;		&#10;&#10;                            Welcome to Your Bookstore&#10;                            &#10;                                &#10;                                    &#10;                                &#10;                            &#10;                            &#10;                                &#10;                                    &#10;                                &#10;                            &#10;                        &#10;                        &#10;                    &#10;                &#10;                &#10;                    &#10;                        &#10;                                Welcome&#10;    to Your Bookstore&#10;    &#10;                        &#10;&#10;                    &#10;                    &#10;                        &#10;&#10;	&#10;		&#10;			Search&#10;				&#10;			&#10;				&#10;					&#10;				&#10;			&#10;			&#10;				&#10;					&#10;				&#10;			&#10;&#10;		&#10;	&#10;&#10;&#10;                &#10;                &#10;            &#10;        &#10;    &#10;    &#10;        &#10;            &#10;        &#10;    &#10;    &#10;        &#10;            &#10;                &#10;            &#10;        &#10;        &#10;        &#10;            &#10;                &#10;                            &#10;                                &#10;                        Course Materials &amp; Textbooks&#10;            &#10;                                &#10;                            &#10;                            &#10;                                    &#10;                                        &#10;			&#10;				&#10;                        Find Course Materials&#10;            &#10;			&#10;	&#10;			&#10;				&#10;                        Textbook Rentals&#10;            &#10;			&#10;	&#10;			&#10;				&#10;                        Sell Back Textbooks&#10;            &#10;			&#10;	&#10;			&#10;				&#10;                        Return My Rentals&#10;            &#10;			&#10;	&#10;			&#10;				&#10;			&#10;	&#10;                                &#10;                            &#10;                    &#10;                            &#10;                                &#10;                        Apparel &amp; Spirit Shop&#10;            &#10;                                &#10;                            &#10;                            &#10;                                    &#10;                                        &#10;			&#10;				&#10;                        Men’s Apparel&#10;            &#10;			&#10;	&#10;			&#10;				&#10;                        Women’s Apparel&#10;            &#10;			&#10;	&#10;			&#10;				&#10;                        Kids&apos; Apparel&#10;            &#10;			&#10;	&#10;			&#10;				&#10;                        T-Shirts&#10;            &#10;			&#10;	&#10;			&#10;				&#10;                        Sweatshirts&#10;            &#10;			&#10;	&#10;			&#10;				&#10;                        Hats&#10;            &#10;			&#10;	&#10;			&#10;				&#10;                        Home &amp; Office&#10;            &#10;			&#10;	&#10;			&#10;				&#10;                        Outdoor &amp; Recreation &#10;            &#10;			&#10;	&#10;			&#10;				&#10;                        Accessories&#10;            &#10;			&#10;	&#10;                                &#10;                            &#10;                    &#10;                            &#10;                                Supplies &amp; Technology&#10;                                &#10;                            &#10;                            &#10;                                    &#10;                                        &#10;			&#10;				&#10;                        Apple&#10;            &#10;						&#10;					&#10;				&#10;			&#10;&#10;					&#10;							&#10;								&#10;											&#10;                        Mac&#10;            &#10;									&#10;											&#10;                        Apple iPad&#10;            &#10;									&#10;											&#10;                        AirPods&#10;            &#10;									&#10;											&#10;                        Charging&#10;            &#10;									&#10;											&#10;                        Keyboards &amp; Mice&#10;            &#10;									&#10;											&#10;                        Apple Accessories&#10;            &#10;									&#10;					&#10;&#10;					&#10;			&#10;	&#10;			&#10;				Computers &amp; Electronics&#10;						&#10;					&#10;				&#10;			&#10;&#10;					&#10;							&#10;								&#10;											Speakers&#10;									&#10;											Batteries &amp; Battery Packs&#10;									&#10;											Phone Accessories&#10;									&#10;											Laptop Sleeves &amp; Bags&#10;									&#10;											Desktops, Laptops &amp; Tablets&#10;									&#10;											Keyboards &amp; Mice&#10;									&#10;											Drives &amp; Storage Media&#10;									&#10;											Ink &amp; Printer Supplies&#10;									&#10;											Cameras&#10;									&#10;											Computer Accessories&#10;									&#10;											Cables &amp; Surge Protectors&#10;									&#10;											&#10;                        Charging Cables &amp; Adapters&#10;            &#10;									&#10;											&#10;                        Headphones&#10;            &#10;									&#10;											&#10;                        Gaming &amp; Accessories&#10;            &#10;									&#10;					&#10;&#10;					&#10;			&#10;	&#10;			&#10;				&#10;                        Software&#10;            &#10;						&#10;					&#10;				&#10;			&#10;&#10;					&#10;							&#10;								&#10;											&#10;                        Utilities &amp; Operating System&#10;            &#10;									&#10;											&#10;                        Desktop Publishing&#10;            &#10;									&#10;											&#10;                        Co
[...]
                        
    
    
            
                            
                                
                                TECH ACCESSORIES
                                
                        
                    
                            
                                
                                AUDIO
                                
                        
                    
                            
                                
                                WRITING SUPPLIES
                                
                        
                    
                            
                                
                                NOTEBOOK DEALS
                                
                        
                    
                
            
        


                

                    
                        

                  
                    
                        
                            
                                                        
                                                            
                                                            FOOD, SNACKS, & CARE PACKAGES
                                                        
                                                    
                                                
                                                        
                                                            
                                                            HEALTH & BEAUTY CARE
                                                        
                                                    
                                                
                    
                
            
        

    
        
            
                
                    
                                Campus to Career
                    
                            
	
		

                    
                                Designed with your ambition in mind, Campus to Career supports your move from classroom to career. Stepping into your future starts with the right tools. Bridge the move between college life and career with practical tools and accessories
                    
                            Shop Professional Essentials
                    
            

            
                        
	
		

                
    



    
        
            
                    
	
		

                
                
                    
                                Grads
                    
                            
	
		

                    
                                Order Your Cap, Gown, and Everything You Need to Celebrate Your Achievement
                    
                            SHOP REGALIA
                    
            

            
    



    
        
            
                    
	
		

                
                
                    
                                What to Read Next
                    
                            
	
		

                    
                                This selection of new releases and old favorites will help you discover the book you’ll want to read next. Whether you’re looking for essential information or something fun to read on vacation, we’ve got a book for you.
                    
                            SHOP BOOKS
                    
            

            
    



    
        
            
                
                    
                                Bundle Up in School Spirit
                    
                            
	
		

                    
                                Rep your colors all winter long
                    
                            
                        Shop Spirit Gear
            
                    
            

            
                        
	
		

                
    






                
                    
                        
                            
                                
                                
                            
                        
                    
                                            
                                                
                                                
                                            
                                        
                                    
                                            
                                                
                                                
                                            
                                        
                                    
                    
            
        
	

                    
                        BACK TO TOP


				
			

			
    footer
    
        
            
                
        
                    DePaul University Loop Campus Official Bookstore
                
            

                
                    
                        Join the Mailing List
                    
                        
                            Sign Up
                            


                    
    THANK YOU! 
    CLICK HERE
    to Get 10% Off Your Next Purchase. 

            
        

        
            
                
                    
                        
                            
                                Customer Care
                        

                        
                            

                                
        
            DePaul University Loop Campus & SAIC
        
        
                1 E. Jackson Boulevard
                Chicago, IL 60604
                
        

                                
                                    
Visit Customer Care





    Questions?
    
    
        
            
                
            
        
         Chat
    
    

                            
                            
                                
        
               Store hours
    
                   
            
                
                        Mon:
                                8AM
                             - 10PM *
                            
                    
                        Tue:
                                8AM
                             - 10PM *
                            
                    
                        Wed:
                                8AM
                             - 10PM *
                            
                    
                        Thu:
                                8AM
                             - 10PM *
                            
                    
                        Fri:
                                8AM
                             - 6PM *
                            
                    
                        Sat:
                                10AM
                             - 6PM *
                            
                    
                        Sun:
                                Closed
                             
                     *The Cafe closes at 7pm Monday thru Thursday.
                
        
                            
                            
                                
Visit Customer Care





    Questions?
    
    
        
            
                
            
        
         Chat
    
    

                        
                    
                
            

            
                
                    
                        Email Signup for Your Bookstore Updates
                    
                        
                            Sign Up
                            


                    
    THANK YOU! 
    CLICK HERE
    to Get 10% Off Your Next Purchase. 

                
                    
                            
                                
                                    

                                        
                                                        QUICKLINKS
                                            
                                    

                                        
                                                
                                                        

                        Spirit Shop Help
            
Work for Us
                                                
                                                        

                                                
                                        
                                
                            
                        
                    
            
        
        
            
                
                    
                        
                            
                                
                                
                                
                                
                                
                                
                                
                                
                                
                                
                                
                                
                                
                                
                                
                                
                                
                                    
                                
                            
                        
                    
                    
                        
       
                        
                        Copyright
            
                    
                
                        
                        Privacy Policy
            
                    
                
                        
                        Accessibility
            
                    
                
                        
                        Terms of Use
            
                    
                
                        CA Privacy Policy
                    
                
                        Returns and Refunds
                    
                
                        
                        Do Not Sell or Share My Personal Information
            
                    
                
                        
                        Manage My Data
            
                    
                

                    
        
            
    
                
                
                
                
            
        
    






	
		
	
	

	
	



		
	




PreviousNextSlideShow









        
        



"
	at com.microsoft.playwright.impl.AssertionsBase.expectImpl(AssertionsBase.java:74)
	at com.microsoft.playwright.impl.AssertionsBase.expectImpl(AssertionsBase.java:51)
	at com.microsoft.playwright.impl.AssertionsBase.expectImpl(AssertionsBase.java:42)
	at com.microsoft.playwright.impl.LocatorAssertionsImpl.containsText(LocatorAssertionsImpl.java:47)
	at com.microsoft.playwright.assertions.LocatorAssertions.containsText(LocatorAssertions.java:853)
	at test.java.org.example.playwrightTraditional.BookstoreTest.testPaymentInformation(BookstoreTest.java:270)
	at java.base/java.lang.reflect.Method.invoke(Method.java:580)
	at java.base/java.util.ArrayList.forEach(ArrayList.java:1596)
	at java.base/java.util.ArrayList.forEach(ArrayList.java:1596)
]]></failure>
  </testcase>
  <testcase name="testDeleteFromCart" classname="test.java.org.example.playwrightTraditional.BookstoreTest" time="0.507">
    <error message="Error {&#10;  message=&apos;Unexpected token &quot;=&quot; while parsing selector &quot;button:has-text(&apos;Remove&apos;), a:has-text(&apos;Remove&apos;), button:has-text(&apos;Delete&apos;), [aria-label*=&apos;emove&apos;], [aria-label*=&apos;elete&apos;], text=Remove&quot;&#10;  name=&apos;Error&#10;  stack=&apos;Error: Unexpected token &quot;=&quot; while parsing selector &quot;button:has-text(&apos;Remove&apos;), a:has-text(&apos;Remove&apos;), button:has-text(&apos;Delete&apos;), [aria-label*=&apos;emove&apos;], [aria-label*=&apos;elete&apos;], text=Remove&quot;&#10;    at unexpected (C:\Users\Avian\AppData\Local\Temp\playwright-java-17059884432671500240\package\lib\utils\isomorphic\cssParser.js:68:12)&#10;    at consumeSimpleSelector (C:\Users\Avian\AppData\Local\Temp\playwright-java-17059884432671500240\package\lib\utils\isomorphic\cssParser.js:208:15)&#10;    at consumeComplexSelector (C:\Users\Avian\AppData\Local\Temp\playwright-java-17059884432671500240\package\lib\utils\isomorphic\cssParser.js:140:19)&#10;    at consumeArgument (C:\Users\Avian\AppData\Local\Temp\playwright-java-17059884432671500240\package\lib\utils\isomorphic\cssParser.js:120:12)&#10;    at consumeFunctionArguments (C:\Users\Avian\AppData\Local\Temp\playwright-java-17059884432671500240\package\lib\utils\isomorphic\cssParser.js:112:19)&#10;    at parseCSS (C:\Users\Avian\AppData\Local\Temp\playwright-java-17059884432671500240\package\lib\utils\isomorphic\cssParser.js:228:18)&#10;    at parseSelector (C:\Users\Avian\AppData\Local\Temp\playwright-java-17059884432671500240\package\lib\utils\isomorphic\selectorParser.js:50:49)&#10;    at splitSelectorByFrame (C:\Users\Avian\AppData\Local\Temp\playwright-java-17059884432671500240\package\lib\utils\isomorphic\selectorParser.js:99:20)&#10;    at FrameSelectors.resolveFrameForSelector (C:\Users\Avian\AppData\Local\Temp\playwright-java-17059884432671500240\package\lib\server\frameSelectors.js:110:66)&#10;    at FrameSelectors.resolveInjectedForSelector (C:\Users\Avian\AppData\Local\Temp\playwright-java-17059884432671500240\package\lib\server\frameSelectors.js:152:33)&#10;}&#10;Call log:&#10;-   - waiting for button:has-text(&apos;Remove&apos;), a:has-text(&apos;Remove&apos;), button:has-text(&apos;Delete&apos;), [aria-label*=&apos;emove&apos;], [aria-label*=&apos;elete&apos;], text=Remove &gt;&gt; nth=0&#10;" type="com.microsoft.playwright.PlaywrightException"><![CDATA[com.microsoft.playwright.PlaywrightException: 
Error {
  message='Unexpected token "=" while parsing selector "button:has-text('Remove'), a:has-text('Remove'), button:has-text('Delete'), [aria-label*='emove'], [aria-label*='elete'], text=Remove"
  name='Error
  stack='Error: Unexpected token "=" while parsing selector "button:has-text('Remove'), a:has-text('Remove'), button:has-text('Delete'), [aria-label*='emove'], [aria-label*='elete'], text=Remove"
    at unexpected (C:\Users\Avian\AppData\Local\Temp\playwright-java-17059884432671500240\package\lib\utils\isomorphic\cssParser.js:68:12)
    at consumeSimpleSelector (C:\Users\Avian\AppData\Local\Temp\playwright-java-17059884432671500240\package\lib\utils\isomorphic\cssParser.js:208:15)
    at consumeComplexSelector (C:\Users\Avian\AppData\Local\Temp\playwright-java-17059884432671500240\package\lib\utils\isomorphic\cssParser.js:140:19)
    at consumeArgument (C:\Users\Avian\AppData\Local\Temp\playwright-java-17059884432671500240\package\lib\utils\isomorphic\cssParser.js:120:12)
    at consumeFunctionArguments (C:\Users\Avian\AppData\Local\Temp\playwright-java-17059884432671500240\package\lib\utils\isomorphic\cssParser.js:112:19)
    at parseCSS (C:\Users\Avian\AppData\Local\Temp\playwright-java-17059884432671500240\package\lib\utils\isomorphic\cssParser.js:228:18)
    at parseSelector (C:\Users\Avian\AppData\Local\Temp\playwright-java-17059884432671500240\package\lib\utils\isomorphic\selectorParser.js:50:49)
    at splitSelectorByFrame (C:\Users\Avian\AppData\Local\Temp\playwright-java-17059884432671500240\package\lib\utils\isomorphic\selectorParser.js:99:20)
    at FrameSelectors.resolveFrameForSelector (C:\Users\Avian\AppData\Local\Temp\playwright-java-17059884432671500240\package\lib\server\frameSelectors.js:110:66)
    at FrameSelectors.resolveInjectedForSelector (C:\Users\Avian\AppData\Local\Temp\playwright-java-17059884432671500240\package\lib\server\frameSelectors.js:152:33)
}
Call log:
-   - waiting for button:has-text('Remove'), a:has-text('Remove'), button:has-text('Delete'), [aria-label*='emove'], [aria-label*='elete'], text=Remove >> nth=0

	at com.microsoft.playwright.impl.WaitableResult.get(WaitableResult.java:56)
	at com.microsoft.playwright.impl.ChannelOwner.runUntil(ChannelOwner.java:132)
	at com.microsoft.playwright.impl.Connection.sendMessage(Connection.java:130)
	at com.microsoft.playwright.impl.ChannelOwner.sendMessage(ChannelOwner.java:118)
	at com.microsoft.playwright.impl.FrameImpl.clickImpl(FrameImpl.java:252)
	at com.microsoft.playwright.impl.FrameImpl.lambda$click$8(FrameImpl.java:243)
	at com.microsoft.playwright.impl.LoggingSupport.lambda$withLogging$0(LoggingSupport.java:36)
	at com.microsoft.playwright.impl.LoggingSupport.withLogging(LoggingSupport.java:47)
	at com.microsoft.playwright.impl.ChannelOwner.withLogging(ChannelOwner.java:97)
	at com.microsoft.playwright.impl.LoggingSupport.withLogging(LoggingSupport.java:35)
	at com.microsoft.playwright.impl.FrameImpl.click(FrameImpl.java:243)
	at com.microsoft.playwright.impl.LocatorImpl.click(LocatorImpl.java:175)
	at com.microsoft.playwright.Locator.click(Locator.java:2493)
	at test.java.org.example.playwrightTraditional.BookstoreTest.testDeleteFromCart(BookstoreTest.java:297)
	at java.base/java.lang.reflect.Method.invoke(Method.java:580)
	at java.base/java.util.ArrayList.forEach(ArrayList.java:1596)
	at java.base/java.util.ArrayList.forEach(ArrayList.java:1596)
Caused by: com.microsoft.playwright.impl.DriverException: Error {
  message='Unexpected token "=" while parsing selector "button:has-text('Remove'), a:has-text('Remove'), button:has-text('Delete'), [aria-label*='emove'], [aria-label*='elete'], text=Remove"
  name='Error
  stack='Error: Unexpected token "=" while parsing selector "button:has-text('Remove'), a:has-text('Remove'), button:has-text('Delete'), [aria-label*='emove'], [aria-label*='elete'], text=Remove"
    at unexpected (C:\Users\Avian\AppData\Local\Temp\playwright-java-17059884432671500240\package\lib\utils\isomorphic\cssParser.js:68:12)
    at consumeSimpleSelector (C:\Users\Avian\AppData\Local\Temp\playwright-java-17059884432671500240\package\lib\utils\isomorphic\cssParser.js:208:15)
    at consumeComplexSelector (C:\Users\Avian\AppData\Local\Temp\playwright-java-17059884432671500240\package\lib\utils\isomorphic\cssParser.js:140:19)
    at consumeArgument (C:\Users\Avian\AppData\Local\Temp\playwright-java-17059884432671500240\package\lib\utils\isomorphic\cssParser.js:120:12)
    at consumeFunctionArguments (C:\Users\Avian\AppData\Local\Temp\playwright-java-17059884432671500240\package\lib\utils\isomorphic\cssParser.js:112:19)
    at parseCSS (C:\Users\Avian\AppData\Local\Temp\playwright-java-17059884432671500240\package\lib\utils\isomorphic\cssParser.js:228:18)
    at parseSelector (C:\Users\Avian\AppData\Local\Temp\playwright-java-17059884432671500240\package\lib\utils\isomorphic\selectorParser.js:50:49)
    at splitSelectorByFrame (C:\Users\Avian\AppData\Local\Temp\playwright-java-17059884432671500240\package\lib\utils\isomorphic\selectorParser.js:99:20)
    at FrameSelectors.resolveFrameForSelector (C:\Users\Avian\AppData\Local\Temp\playwright-java-17059884432671500240\package\lib\server\frameSelectors.js:110:66)
    at FrameSelectors.resolveInjectedForSelector (C:\Users\Avian\AppData\Local\Temp\playwright-java-17059884432671500240\package\lib\server\frameSelectors.js:152:33)
}
Call log:
-   - waiting for button:has-text('Remove'), a:has-text('Remove'), button:has-text('Delete'), [aria-label*='emove'], [aria-label*='elete'], text=Remove >> nth=0

	at com.microsoft.playwright.impl.Connection.dispatch(Connection.java:259)
	at com.microsoft.playwright.impl.Connection.processOneMessage(Connection.java:211)
	at com.microsoft.playwright.impl.ChannelOwner.runUntil(ChannelOwner.java:130)
	... 15 more
]]></error>
  </testcase>
</testsuite>